[Wed, 16 Mar 16 22:06:55 +0100][INFO] SELECT IF(COUNT(*) > 0, 1, 0) FROM `INFORMATION_SCHEMA`.`TABLES` WHERE `TABLE_NAME` = 'country' AND `TABLE_SCHEMA` = DATABASE()
[Wed, 16 Mar 16 22:06:55 +0100][INFO] DESCRIBE `country`
[Wed, 16 Mar 16 22:06:55 +0100][INFO] SELECT `country`.`cid`, `country`.`name` FROM `country`
[Wed, 16 Mar 16 22:07:51 +0100][INFO] SELECT IF(COUNT(*) > 0, 1, 0) FROM `INFORMATION_SCHEMA`.`TABLES` WHERE `TABLE_NAME` = 'country' AND `TABLE_SCHEMA` = DATABASE()
[Wed, 16 Mar 16 22:07:51 +0100][INFO] DESCRIBE `country`
[Wed, 16 Mar 16 22:07:51 +0100][INFO] SELECT `country`.`cid`, `country`.`name` FROM `country`
[Wed, 16 Mar 16 22:08:01 +0100][INFO] SELECT IF(COUNT(*) > 0, 1, 0) FROM `INFORMATION_SCHEMA`.`TABLES` WHERE `TABLE_NAME` = 'country' AND `TABLE_SCHEMA` = DATABASE()
[Wed, 16 Mar 16 22:08:01 +0100][INFO] DESCRIBE `country`
[Wed, 16 Mar 16 22:08:01 +0100][INFO] SELECT `country`.`cid`, `country`.`name` FROM `country`
[Wed, 16 Mar 16 22:08:07 +0100][INFO] SELECT IF(COUNT(*) > 0, 1, 0) FROM `INFORMATION_SCHEMA`.`TABLES` WHERE `TABLE_NAME` = 'country' AND `TABLE_SCHEMA` = DATABASE()
[Wed, 16 Mar 16 22:08:07 +0100][INFO] DESCRIBE `country`
[Wed, 16 Mar 16 22:08:07 +0100][INFO] SELECT `country`.`cid`, `country`.`name` FROM `country`
[Wed, 16 Mar 16 22:08:23 +0100][INFO] SELECT IF(COUNT(*) > 0, 1, 0) FROM `INFORMATION_SCHEMA`.`TABLES` WHERE `TABLE_NAME` = 'country' AND `TABLE_SCHEMA` = DATABASE()
[Wed, 16 Mar 16 22:08:23 +0100][INFO] DESCRIBE `country`
[Wed, 16 Mar 16 22:08:23 +0100][INFO] SELECT `country`.`cid`, `country`.`name` FROM `country`
[Wed, 16 Mar 16 22:25:43 +0100][INFO] SELECT IF(COUNT(*) > 0, 1, 0) FROM `INFORMATION_SCHEMA`.`TABLES` WHERE `TABLE_NAME` = 'question_category' AND `TABLE_SCHEMA` = DATABASE()
[Wed, 16 Mar 16 22:25:43 +0100][INFO] DESCRIBE `question_category`
[Wed, 16 Mar 16 22:25:43 +0100][INFO] SELECT `question_category`.`cid`, `question_category`.`name`, `question_category`.`user_id` FROM `question_category`
[Wed, 16 Mar 16 22:26:03 +0100][INFO] SELECT IF(COUNT(*) > 0, 1, 0) FROM `INFORMATION_SCHEMA`.`TABLES` WHERE `TABLE_NAME` = 'question_category' AND `TABLE_SCHEMA` = DATABASE()
[Wed, 16 Mar 16 22:26:03 +0100][INFO] DESCRIBE `question_category`
[Wed, 16 Mar 16 22:26:03 +0100][INFO] SELECT `question_category`.`cid`, `question_category`.`name`, `question_category`.`user_id` FROM `question_category`
[Wed, 16 Mar 16 22:26:37 +0100][INFO] SELECT IF(COUNT(*) > 0, 1, 0) FROM `INFORMATION_SCHEMA`.`TABLES` WHERE `TABLE_NAME` = 'question_category' AND `TABLE_SCHEMA` = DATABASE()
[Wed, 16 Mar 16 22:26:37 +0100][INFO] DESCRIBE `question_category`
[Wed, 16 Mar 16 22:26:37 +0100][INFO] SELECT `question_category`.`cid`, `question_category`.`name`, `question_category`.`user_id` FROM `question_category`
[Wed, 16 Mar 16 22:26:46 +0100][INFO] SELECT IF(COUNT(*) > 0, 1, 0) FROM `INFORMATION_SCHEMA`.`TABLES` WHERE `TABLE_NAME` = 'question_category' AND `TABLE_SCHEMA` = DATABASE()
[Wed, 16 Mar 16 22:26:46 +0100][INFO] DESCRIBE `question_category`
[Wed, 16 Mar 16 22:26:46 +0100][INFO] SELECT `question_category`.`cid`, `question_category`.`name`, `question_category`.`user_id` FROM `question_category`
[Wed, 16 Mar 16 22:26:51 +0100][INFO] SELECT IF(COUNT(*) > 0, 1, 0) FROM `INFORMATION_SCHEMA`.`TABLES` WHERE `TABLE_NAME` = 'question_category' AND `TABLE_SCHEMA` = DATABASE()
[Wed, 16 Mar 16 22:26:51 +0100][INFO] DESCRIBE `question_category`
[Wed, 16 Mar 16 22:26:51 +0100][INFO] SELECT `question_category`.`cid`, `question_category`.`name`, `question_category`.`user_id` FROM `question_category`
[Wed, 16 Mar 16 22:27:04 +0100][INFO] SELECT IF(COUNT(*) > 0, 1, 0) FROM `INFORMATION_SCHEMA`.`TABLES` WHERE `TABLE_NAME` = 'question_category' AND `TABLE_SCHEMA` = DATABASE()
[Wed, 16 Mar 16 22:27:04 +0100][INFO] DESCRIBE `question_category`
[Wed, 16 Mar 16 22:27:04 +0100][INFO] SELECT `question_category`.`cid`, `question_category`.`name`, `question_category`.`user_id` FROM `question_category`
[Wed, 16 Mar 16 22:27:46 +0100][INFO] SELECT IF(COUNT(*) > 0, 1, 0) FROM `INFORMATION_SCHEMA`.`TABLES` WHERE `TABLE_NAME` = 'question_category' AND `TABLE_SCHEMA` = DATABASE()
[Wed, 16 Mar 16 22:27:46 +0100][INFO] DESCRIBE `question_category`
[Wed, 16 Mar 16 22:27:46 +0100][INFO] SELECT `question_category`.`cid`, `question_category`.`name`, `question_category`.`user_id` FROM `question_category`
[Wed, 16 Mar 16 22:27:55 +0100][INFO] SELECT IF(COUNT(*) > 0, 1, 0) FROM `INFORMATION_SCHEMA`.`TABLES` WHERE `TABLE_NAME` = 'country' AND `TABLE_SCHEMA` = DATABASE()
[Wed, 16 Mar 16 22:27:55 +0100][INFO] DESCRIBE `country`
[Wed, 16 Mar 16 22:27:55 +0100][INFO] SELECT `country`.`cid`, `country`.`name` FROM `country`
[Wed, 16 Mar 16 22:27:57 +0100][INFO] SELECT IF(COUNT(*) > 0, 1, 0) FROM `INFORMATION_SCHEMA`.`TABLES` WHERE `TABLE_NAME` = 'question_category' AND `TABLE_SCHEMA` = DATABASE()
[Wed, 16 Mar 16 22:27:57 +0100][INFO] DESCRIBE `question_category`
[Wed, 16 Mar 16 22:27:57 +0100][INFO] SELECT `question_category`.`cid`, `question_category`.`name`, `question_category`.`user_id` FROM `question_category`
[Wed, 16 Mar 16 22:29:11 +0100][INFO] SELECT IF(COUNT(*) > 0, 1, 0) FROM `INFORMATION_SCHEMA`.`TABLES` WHERE `TABLE_NAME` = 'question_category' AND `TABLE_SCHEMA` = DATABASE()
[Wed, 16 Mar 16 22:29:11 +0100][INFO] DESCRIBE `question_category`
[Wed, 16 Mar 16 22:29:11 +0100][INFO] SELECT `question_category`.`cid`, `question_category`.`name`, `question_category`.`user_id` FROM `question_category`
[Wed, 16 Mar 16 22:29:56 +0100][INFO] SELECT IF(COUNT(*) > 0, 1, 0) FROM `INFORMATION_SCHEMA`.`TABLES` WHERE `TABLE_NAME` = 'question_category' AND `TABLE_SCHEMA` = DATABASE()
[Wed, 16 Mar 16 22:29:56 +0100][INFO] DESCRIBE `question_category`
[Wed, 16 Mar 16 22:29:56 +0100][INFO] SELECT `question_category`.`cid`, `question_category`.`name`, `question_category`.`user_id` FROM `question_category`
[Wed, 16 Mar 16 22:31:10 +0100][INFO] SELECT IF(COUNT(*) > 0, 1, 0) FROM `INFORMATION_SCHEMA`.`TABLES` WHERE `TABLE_NAME` = 'question_category' AND `TABLE_SCHEMA` = DATABASE()
[Wed, 16 Mar 16 22:31:10 +0100][INFO] DESCRIBE `question_category`
[Wed, 16 Mar 16 22:31:10 +0100][INFO] SELECT `question_category`.`cid`, `question_category`.`name`, `question_category`.`user_id` FROM `question_category`
[Wed, 16 Mar 16 22:31:16 +0100][INFO] SELECT IF(COUNT(*) > 0, 1, 0) FROM `INFORMATION_SCHEMA`.`TABLES` WHERE `TABLE_NAME` = 'question_category' AND `TABLE_SCHEMA` = DATABASE()
[Wed, 16 Mar 16 22:31:16 +0100][INFO] DESCRIBE `question_category`
[Wed, 16 Mar 16 22:31:16 +0100][INFO] SELECT `question_category`.`cid`, `question_category`.`name`, `question_category`.`user_id` FROM `question_category`
[Wed, 16 Mar 16 22:31:20 +0100][INFO] SELECT IF(COUNT(*) > 0, 1, 0) FROM `INFORMATION_SCHEMA`.`TABLES` WHERE `TABLE_NAME` = 'question_category' AND `TABLE_SCHEMA` = DATABASE()
[Wed, 16 Mar 16 22:31:20 +0100][INFO] DESCRIBE `question_category`
[Wed, 16 Mar 16 22:31:20 +0100][INFO] SELECT `question_category`.`cid`, `question_category`.`name`, `question_category`.`user_id` FROM `question_category`
[Wed, 16 Mar 16 22:41:00 +0100][INFO] SELECT IF(COUNT(*) > 0, 1, 0) FROM `INFORMATION_SCHEMA`.`TABLES` WHERE `TABLE_NAME` = 'question_category' AND `TABLE_SCHEMA` = DATABASE()
[Wed, 16 Mar 16 22:41:00 +0100][INFO] DESCRIBE `question_category`
[Wed, 16 Mar 16 22:41:00 +0100][INFO] SELECT `question_category`.`cid`, `question_category`.`name`, `question_category`.`user_id` FROM `question_category`
[Wed, 16 Mar 16 22:41:13 +0100][INFO] SELECT IF(COUNT(*) > 0, 1, 0) FROM `INFORMATION_SCHEMA`.`TABLES` WHERE `TABLE_NAME` = 'user' AND `TABLE_SCHEMA` = DATABASE()
[Wed, 16 Mar 16 22:41:13 +0100][INFO] DESCRIBE `user`
[Wed, 16 Mar 16 22:41:13 +0100][INFO] SELECT `user`.`user_id`, `user`.`email`, `user`.`name`, `user`.`family`, `user`.`gender`, `user`.`password`, `user`.`is_active`, `user`.`verification_code`, `user`.`cid` FROM `user` WHERE `user`.`email` = 'joojoo@gov.ir' AND `user`.`password` = '123456'
[Wed, 16 Mar 16 22:41:19 +0100][INFO] SELECT IF(COUNT(*) > 0, 1, 0) FROM `INFORMATION_SCHEMA`.`TABLES` WHERE `TABLE_NAME` = 'question_category' AND `TABLE_SCHEMA` = DATABASE()
[Wed, 16 Mar 16 22:41:19 +0100][INFO] DESCRIBE `question_category`
[Wed, 16 Mar 16 22:41:19 +0100][INFO] SELECT `question_category`.`cid`, `question_category`.`name`, `question_category`.`user_id` FROM `question_category`
[Wed, 16 Mar 16 22:41:42 +0100][INFO] SELECT IF(COUNT(*) > 0, 1, 0) FROM `INFORMATION_SCHEMA`.`TABLES` WHERE `TABLE_NAME` = 'question_category' AND `TABLE_SCHEMA` = DATABASE()
[Wed, 16 Mar 16 22:41:42 +0100][INFO] DESCRIBE `question_category`
[Wed, 16 Mar 16 22:41:42 +0100][INFO] SELECT `question_category`.`cid`, `question_category`.`name`, `question_category`.`user_id` FROM `question_category`
[Wed, 16 Mar 16 22:41:43 +0100][INFO] SELECT IF(COUNT(*) > 0, 1, 0) FROM `INFORMATION_SCHEMA`.`TABLES` WHERE `TABLE_NAME` = 'question_category' AND `TABLE_SCHEMA` = DATABASE()
[Wed, 16 Mar 16 22:41:43 +0100][INFO] DESCRIBE `question_category`
[Wed, 16 Mar 16 22:41:43 +0100][INFO] SELECT `question_category`.`cid`, `question_category`.`name`, `question_category`.`user_id` FROM `question_category`
[Wed, 16 Mar 16 22:47:01 +0100][INFO] SELECT IF(COUNT(*) > 0, 1, 0) FROM `INFORMATION_SCHEMA`.`TABLES` WHERE `TABLE_NAME` = 'question_category' AND `TABLE_SCHEMA` = DATABASE()
[Wed, 16 Mar 16 22:47:01 +0100][INFO] DESCRIBE `question_category`
[Wed, 16 Mar 16 22:47:01 +0100][INFO] SELECT `question_category`.`cid`, `question_category`.`name`, `question_category`.`user_id` FROM `question_category`
[Wed, 16 Mar 16 22:47:02 +0100][INFO] SELECT IF(COUNT(*) > 0, 1, 0) FROM `INFORMATION_SCHEMA`.`TABLES` WHERE `TABLE_NAME` = 'question_category' AND `TABLE_SCHEMA` = DATABASE()
[Wed, 16 Mar 16 22:47:02 +0100][INFO] DESCRIBE `question_category`
[Wed, 16 Mar 16 22:47:02 +0100][INFO] SELECT `question_category`.`cid`, `question_category`.`name`, `question_category`.`user_id` FROM `question_category`
[Wed, 16 Mar 16 22:47:04 +0100][INFO] SELECT IF(COUNT(*) > 0, 1, 0) FROM `INFORMATION_SCHEMA`.`TABLES` WHERE `TABLE_NAME` = 'question_category' AND `TABLE_SCHEMA` = DATABASE()
[Wed, 16 Mar 16 22:47:04 +0100][INFO] DESCRIBE `question_category`
[Wed, 16 Mar 16 22:47:39 +0100][INFO] SELECT IF(COUNT(*) > 0, 1, 0) FROM `INFORMATION_SCHEMA`.`TABLES` WHERE `TABLE_NAME` = 'question_category' AND `TABLE_SCHEMA` = DATABASE()
[Wed, 16 Mar 16 22:47:39 +0100][INFO] DESCRIBE `question_category`
[Wed, 16 Mar 16 22:47:39 +0100][INFO] SELECT `question_category`.`cid`, `question_category`.`name`, `question_category`.`user_id` FROM `question_category`
[Wed, 16 Mar 16 22:47:40 +0100][INFO] SELECT IF(COUNT(*) > 0, 1, 0) FROM `INFORMATION_SCHEMA`.`TABLES` WHERE `TABLE_NAME` = 'question_category' AND `TABLE_SCHEMA` = DATABASE()
[Wed, 16 Mar 16 22:47:40 +0100][INFO] DESCRIBE `question_category`
[Wed, 16 Mar 16 22:47:40 +0100][INFO] SELECT `question_category`.`cid`, `question_category`.`name`, `question_category`.`user_id` FROM `question_category`
[Wed, 16 Mar 16 22:47:42 +0100][INFO] SELECT IF(COUNT(*) > 0, 1, 0) FROM `INFORMATION_SCHEMA`.`TABLES` WHERE `TABLE_NAME` = 'question_category' AND `TABLE_SCHEMA` = DATABASE()
[Wed, 16 Mar 16 22:47:42 +0100][INFO] DESCRIBE `question_category`
[Wed, 16 Mar 16 22:47:42 +0100][INFO] SELECT `question_category`.`cid`, `question_category`.`name`, `question_category`.`user_id` FROM `question_category` WHERE `question_category`.`cid` = '84'
[Wed, 16 Mar 16 22:47:42 +0100][INFO] DELETE FROM `question_category` WHERE `cid` = ?
[Wed, 16 Mar 16 22:47:49 +0100][INFO] SELECT IF(COUNT(*) > 0, 1, 0) FROM `INFORMATION_SCHEMA`.`TABLES` WHERE `TABLE_NAME` = 'question_category' AND `TABLE_SCHEMA` = DATABASE()
[Wed, 16 Mar 16 22:47:49 +0100][INFO] DESCRIBE `question_category`
[Wed, 16 Mar 16 22:47:49 +0100][INFO] SELECT `question_category`.`cid`, `question_category`.`name`, `question_category`.`user_id` FROM `question_category`
[Wed, 16 Mar 16 22:54:10 +0100][INFO] SELECT IF(COUNT(*) > 0, 1, 0) FROM `INFORMATION_SCHEMA`.`TABLES` WHERE `TABLE_NAME` = 'question_category' AND `TABLE_SCHEMA` = DATABASE()
[Wed, 16 Mar 16 22:54:10 +0100][INFO] DESCRIBE `question_category`
[Wed, 16 Mar 16 22:54:10 +0100][INFO] SELECT `question_category`.`cid`, `question_category`.`name`, `question_category`.`user_id` FROM `question_category`
[Wed, 16 Mar 16 22:54:13 +0100][INFO] SELECT IF(COUNT(*) > 0, 1, 0) FROM `INFORMATION_SCHEMA`.`TABLES` WHERE `TABLE_NAME` = 'question_category' AND `TABLE_SCHEMA` = DATABASE()
[Wed, 16 Mar 16 22:54:13 +0100][INFO] DESCRIBE `question_category`
[Wed, 16 Mar 16 22:54:13 +0100][INFO] SELECT `question_category`.`cid`, `question_category`.`name`, `question_category`.`user_id` FROM `question_category` WHERE `question_category`.`cid` = '7972' LIMIT :APL0
[Wed, 16 Mar 16 22:54:13 +0100][INFO] DELETE FROM `question_category` WHERE `cid` = ?
[Wed, 16 Mar 16 22:54:13 +0100][INFO] SELECT `question_category`.`cid`, `question_category`.`name`, `question_category`.`user_id` FROM `question_category`
[Wed, 16 Mar 16 22:55:26 +0100][INFO] SELECT IF(COUNT(*) > 0, 1, 0) FROM `INFORMATION_SCHEMA`.`TABLES` WHERE `TABLE_NAME` = 'question_category' AND `TABLE_SCHEMA` = DATABASE()
[Wed, 16 Mar 16 22:55:26 +0100][INFO] DESCRIBE `question_category`
[Wed, 16 Mar 16 22:55:26 +0100][INFO] SELECT `question_category`.`cid`, `question_category`.`name`, `question_category`.`user_id` FROM `question_category` WHERE `question_category`.`cid` = '7' LIMIT :APL0
[Wed, 16 Mar 16 22:55:26 +0100][INFO] DELETE FROM `question_category` WHERE `cid` = ?
[Wed, 16 Mar 16 22:55:27 +0100][INFO] SELECT `question_category`.`cid`, `question_category`.`name`, `question_category`.`user_id` FROM `question_category`
[Wed, 16 Mar 16 22:56:35 +0100][INFO] SELECT IF(COUNT(*) > 0, 1, 0) FROM `INFORMATION_SCHEMA`.`TABLES` WHERE `TABLE_NAME` = 'question_category' AND `TABLE_SCHEMA` = DATABASE()
[Wed, 16 Mar 16 22:56:35 +0100][INFO] DESCRIBE `question_category`
[Wed, 16 Mar 16 22:56:35 +0100][INFO] SELECT `question_category`.`cid`, `question_category`.`name`, `question_category`.`user_id` FROM `question_category` WHERE `question_category`.`name` = 'تاریخ'
[Wed, 16 Mar 16 22:56:35 +0100][INFO] SELECT COUNT(*) "rowcount" FROM `question_category` WHERE `cid` = ?
[Wed, 16 Mar 16 22:56:35 +0100][INFO] SELECT IF(COUNT(*) > 0, 1, 0) FROM `INFORMATION_SCHEMA`.`TABLES` WHERE `TABLE_NAME` = 'user' AND `TABLE_SCHEMA` = DATABASE()
[Wed, 16 Mar 16 22:56:35 +0100][INFO] DESCRIBE `user`
[Wed, 16 Mar 16 22:56:35 +0100][INFO] SELECT COUNT(*) AS `rowcount` FROM `user` WHERE `user`.`user_id` = :0
[Wed, 16 Mar 16 22:56:35 +0100][INFO] INSERT INTO `question_category` (`name`, `user_id`, `cid`) VALUES (?, ?, ?)
[Wed, 16 Mar 16 22:56:41 +0100][INFO] SELECT IF(COUNT(*) > 0, 1, 0) FROM `INFORMATION_SCHEMA`.`TABLES` WHERE `TABLE_NAME` = 'question_category' AND `TABLE_SCHEMA` = DATABASE()
[Wed, 16 Mar 16 22:56:41 +0100][INFO] DESCRIBE `question_category`
[Wed, 16 Mar 16 22:56:41 +0100][INFO] SELECT `question_category`.`cid`, `question_category`.`name`, `question_category`.`user_id` FROM `question_category`
[Wed, 16 Mar 16 22:56:43 +0100][INFO] SELECT IF(COUNT(*) > 0, 1, 0) FROM `INFORMATION_SCHEMA`.`TABLES` WHERE `TABLE_NAME` = 'question_category' AND `TABLE_SCHEMA` = DATABASE()
[Wed, 16 Mar 16 22:56:43 +0100][INFO] DESCRIBE `question_category`
[Wed, 16 Mar 16 22:56:43 +0100][INFO] SELECT `question_category`.`cid`, `question_category`.`name`, `question_category`.`user_id` FROM `question_category` WHERE `question_category`.`cid` = '7973' LIMIT :APL0
[Wed, 16 Mar 16 22:56:43 +0100][INFO] DELETE FROM `question_category` WHERE `cid` = ?
[Wed, 16 Mar 16 22:56:43 +0100][INFO] SELECT `question_category`.`cid`, `question_category`.`name`, `question_category`.`user_id` FROM `question_category`
[Wed, 16 Mar 16 22:57:13 +0100][INFO] SELECT IF(COUNT(*) > 0, 1, 0) FROM `INFORMATION_SCHEMA`.`TABLES` WHERE `TABLE_NAME` = 'question_category' AND `TABLE_SCHEMA` = DATABASE()
[Wed, 16 Mar 16 22:57:13 +0100][INFO] DESCRIBE `question_category`
[Wed, 16 Mar 16 22:57:13 +0100][INFO] SELECT `question_category`.`cid`, `question_category`.`name`, `question_category`.`user_id` FROM `question_category`
[Wed, 16 Mar 16 22:57:13 +0100][INFO] SELECT IF(COUNT(*) > 0, 1, 0) FROM `INFORMATION_SCHEMA`.`TABLES` WHERE `TABLE_NAME` = 'question_category' AND `TABLE_SCHEMA` = DATABASE()
[Wed, 16 Mar 16 22:57:13 +0100][INFO] DESCRIBE `question_category`
[Wed, 16 Mar 16 22:57:13 +0100][INFO] SELECT `question_category`.`cid`, `question_category`.`name`, `question_category`.`user_id` FROM `question_category`
[Wed, 16 Mar 16 22:57:27 +0100][INFO] SELECT IF(COUNT(*) > 0, 1, 0) FROM `INFORMATION_SCHEMA`.`TABLES` WHERE `TABLE_NAME` = 'question_category' AND `TABLE_SCHEMA` = DATABASE()
[Wed, 16 Mar 16 22:57:27 +0100][INFO] DESCRIBE `question_category`
[Wed, 16 Mar 16 22:57:27 +0100][INFO] SELECT `question_category`.`cid`, `question_category`.`name`, `question_category`.`user_id` FROM `question_category`
[Wed, 16 Mar 16 22:57:51 +0100][INFO] SELECT IF(COUNT(*) > 0, 1, 0) FROM `INFORMATION_SCHEMA`.`TABLES` WHERE `TABLE_NAME` = 'question_category' AND `TABLE_SCHEMA` = DATABASE()
[Wed, 16 Mar 16 22:57:51 +0100][INFO] DESCRIBE `question_category`
[Wed, 16 Mar 16 22:57:51 +0100][INFO] SELECT `question_category`.`cid`, `question_category`.`name`, `question_category`.`user_id` FROM `question_category` WHERE `question_category`.`cid` = '4' LIMIT :APL0
[Wed, 16 Mar 16 22:57:51 +0100][INFO] DELETE FROM `question_category` WHERE `cid` = ?
[Wed, 16 Mar 16 22:57:51 +0100][INFO] SELECT `question_category`.`cid`, `question_category`.`name`, `question_category`.`user_id` FROM `question_category`
[Wed, 16 Mar 16 22:57:55 +0100][INFO] SELECT IF(COUNT(*) > 0, 1, 0) FROM `INFORMATION_SCHEMA`.`TABLES` WHERE `TABLE_NAME` = 'question_category' AND `TABLE_SCHEMA` = DATABASE()
[Wed, 16 Mar 16 22:57:55 +0100][INFO] DESCRIBE `question_category`
[Wed, 16 Mar 16 22:57:55 +0100][INFO] SELECT `question_category`.`cid`, `question_category`.`name`, `question_category`.`user_id` FROM `question_category` WHERE `question_category`.`cid` = '4' LIMIT :APL0
[Wed, 16 Mar 16 22:58:57 +0100][INFO] SELECT IF(COUNT(*) > 0, 1, 0) FROM `INFORMATION_SCHEMA`.`TABLES` WHERE `TABLE_NAME` = 'question_category' AND `TABLE_SCHEMA` = DATABASE()
[Wed, 16 Mar 16 22:58:57 +0100][INFO] DESCRIBE `question_category`
[Wed, 16 Mar 16 22:58:57 +0100][INFO] SELECT `question_category`.`cid`, `question_category`.`name`, `question_category`.`user_id` FROM `question_category`
[Wed, 16 Mar 16 22:58:58 +0100][INFO] SELECT IF(COUNT(*) > 0, 1, 0) FROM `INFORMATION_SCHEMA`.`TABLES` WHERE `TABLE_NAME` = 'question_category' AND `TABLE_SCHEMA` = DATABASE()
[Wed, 16 Mar 16 22:58:58 +0100][INFO] DESCRIBE `question_category`
[Wed, 16 Mar 16 22:58:58 +0100][INFO] SELECT `question_category`.`cid`, `question_category`.`name`, `question_category`.`user_id` FROM `question_category`
[Wed, 16 Mar 16 22:59:17 +0100][INFO] SELECT IF(COUNT(*) > 0, 1, 0) FROM `INFORMATION_SCHEMA`.`TABLES` WHERE `TABLE_NAME` = 'question_category' AND `TABLE_SCHEMA` = DATABASE()
[Wed, 16 Mar 16 22:59:17 +0100][INFO] DESCRIBE `question_category`
[Wed, 16 Mar 16 22:59:17 +0100][INFO] SELECT `question_category`.`cid`, `question_category`.`name`, `question_category`.`user_id` FROM `question_category` WHERE `question_category`.`name` = 'تاریخ'
[Wed, 16 Mar 16 22:59:17 +0100][INFO] SELECT COUNT(*) "rowcount" FROM `question_category` WHERE `cid` = ?
[Wed, 16 Mar 16 22:59:17 +0100][INFO] SELECT IF(COUNT(*) > 0, 1, 0) FROM `INFORMATION_SCHEMA`.`TABLES` WHERE `TABLE_NAME` = 'user' AND `TABLE_SCHEMA` = DATABASE()
[Wed, 16 Mar 16 22:59:17 +0100][INFO] DESCRIBE `user`
[Wed, 16 Mar 16 22:59:17 +0100][INFO] SELECT COUNT(*) AS `rowcount` FROM `user` WHERE `user`.`user_id` = :0
[Wed, 16 Mar 16 22:59:17 +0100][INFO] INSERT INTO `question_category` (`name`, `user_id`, `cid`) VALUES (?, ?, ?)
[Wed, 16 Mar 16 22:59:21 +0100][INFO] SELECT IF(COUNT(*) > 0, 1, 0) FROM `INFORMATION_SCHEMA`.`TABLES` WHERE `TABLE_NAME` = 'question_category' AND `TABLE_SCHEMA` = DATABASE()
[Wed, 16 Mar 16 22:59:21 +0100][INFO] DESCRIBE `question_category`
[Wed, 16 Mar 16 22:59:21 +0100][INFO] SELECT `question_category`.`cid`, `question_category`.`name`, `question_category`.`user_id` FROM `question_category` WHERE `question_category`.`name` = 'زبان'
[Wed, 16 Mar 16 22:59:21 +0100][INFO] SELECT COUNT(*) "rowcount" FROM `question_category` WHERE `cid` = ?
[Wed, 16 Mar 16 22:59:21 +0100][INFO] SELECT IF(COUNT(*) > 0, 1, 0) FROM `INFORMATION_SCHEMA`.`TABLES` WHERE `TABLE_NAME` = 'user' AND `TABLE_SCHEMA` = DATABASE()
[Wed, 16 Mar 16 22:59:21 +0100][INFO] DESCRIBE `user`
[Wed, 16 Mar 16 22:59:21 +0100][INFO] SELECT COUNT(*) AS `rowcount` FROM `user` WHERE `user`.`user_id` = :0
[Wed, 16 Mar 16 22:59:21 +0100][INFO] INSERT INTO `question_category` (`name`, `user_id`, `cid`) VALUES (?, ?, ?)
[Wed, 16 Mar 16 22:59:25 +0100][INFO] SELECT IF(COUNT(*) > 0, 1, 0) FROM `INFORMATION_SCHEMA`.`TABLES` WHERE `TABLE_NAME` = 'question_category' AND `TABLE_SCHEMA` = DATABASE()
[Wed, 16 Mar 16 22:59:25 +0100][INFO] DESCRIBE `question_category`
[Wed, 16 Mar 16 22:59:25 +0100][INFO] SELECT `question_category`.`cid`, `question_category`.`name`, `question_category`.`user_id` FROM `question_category` WHERE `question_category`.`name` = 'ایران'
[Wed, 16 Mar 16 22:59:25 +0100][INFO] SELECT COUNT(*) "rowcount" FROM `question_category` WHERE `cid` = ?
[Wed, 16 Mar 16 22:59:25 +0100][INFO] SELECT IF(COUNT(*) > 0, 1, 0) FROM `INFORMATION_SCHEMA`.`TABLES` WHERE `TABLE_NAME` = 'user' AND `TABLE_SCHEMA` = DATABASE()
[Wed, 16 Mar 16 22:59:25 +0100][INFO] DESCRIBE `user`
[Wed, 16 Mar 16 22:59:25 +0100][INFO] SELECT COUNT(*) AS `rowcount` FROM `user` WHERE `user`.`user_id` = :0
[Wed, 16 Mar 16 22:59:25 +0100][INFO] INSERT INTO `question_category` (`name`, `user_id`, `cid`) VALUES (?, ?, ?)
[Wed, 16 Mar 16 22:59:28 +0100][INFO] SELECT IF(COUNT(*) > 0, 1, 0) FROM `INFORMATION_SCHEMA`.`TABLES` WHERE `TABLE_NAME` = 'question_category' AND `TABLE_SCHEMA` = DATABASE()
[Wed, 16 Mar 16 22:59:28 +0100][INFO] DESCRIBE `question_category`
[Wed, 16 Mar 16 22:59:28 +0100][INFO] SELECT `question_category`.`cid`, `question_category`.`name`, `question_category`.`user_id` FROM `question_category` WHERE `question_category`.`name` = 'نجوم'
[Wed, 16 Mar 16 22:59:28 +0100][INFO] SELECT COUNT(*) "rowcount" FROM `question_category` WHERE `cid` = ?
[Wed, 16 Mar 16 22:59:28 +0100][INFO] SELECT IF(COUNT(*) > 0, 1, 0) FROM `INFORMATION_SCHEMA`.`TABLES` WHERE `TABLE_NAME` = 'user' AND `TABLE_SCHEMA` = DATABASE()
[Wed, 16 Mar 16 22:59:28 +0100][INFO] DESCRIBE `user`
[Wed, 16 Mar 16 22:59:28 +0100][INFO] SELECT COUNT(*) AS `rowcount` FROM `user` WHERE `user`.`user_id` = :0
[Wed, 16 Mar 16 22:59:28 +0100][INFO] INSERT INTO `question_category` (`name`, `user_id`, `cid`) VALUES (?, ?, ?)
[Wed, 16 Mar 16 22:59:31 +0100][INFO] SELECT IF(COUNT(*) > 0, 1, 0) FROM `INFORMATION_SCHEMA`.`TABLES` WHERE `TABLE_NAME` = 'question_category' AND `TABLE_SCHEMA` = DATABASE()
[Wed, 16 Mar 16 22:59:31 +0100][INFO] DESCRIBE `question_category`
[Wed, 16 Mar 16 22:59:31 +0100][INFO] SELECT `question_category`.`cid`, `question_category`.`name`, `question_category`.`user_id` FROM `question_category` WHERE `question_category`.`name` = 'شیمی'
[Wed, 16 Mar 16 22:59:31 +0100][INFO] SELECT COUNT(*) "rowcount" FROM `question_category` WHERE `cid` = ?
[Wed, 16 Mar 16 22:59:31 +0100][INFO] SELECT IF(COUNT(*) > 0, 1, 0) FROM `INFORMATION_SCHEMA`.`TABLES` WHERE `TABLE_NAME` = 'user' AND `TABLE_SCHEMA` = DATABASE()
[Wed, 16 Mar 16 22:59:31 +0100][INFO] DESCRIBE `user`
[Wed, 16 Mar 16 22:59:31 +0100][INFO] SELECT COUNT(*) AS `rowcount` FROM `user` WHERE `user`.`user_id` = :0
[Wed, 16 Mar 16 22:59:31 +0100][INFO] INSERT INTO `question_category` (`name`, `user_id`, `cid`) VALUES (?, ?, ?)
[Wed, 16 Mar 16 22:59:33 +0100][INFO] SELECT IF(COUNT(*) > 0, 1, 0) FROM `INFORMATION_SCHEMA`.`TABLES` WHERE `TABLE_NAME` = 'question_category' AND `TABLE_SCHEMA` = DATABASE()
[Wed, 16 Mar 16 22:59:33 +0100][INFO] DESCRIBE `question_category`
[Wed, 16 Mar 16 22:59:33 +0100][INFO] SELECT `question_category`.`cid`, `question_category`.`name`, `question_category`.`user_id` FROM `question_category`
[Wed, 16 Mar 16 22:59:38 +0100][INFO] SELECT IF(COUNT(*) > 0, 1, 0) FROM `INFORMATION_SCHEMA`.`TABLES` WHERE `TABLE_NAME` = 'question_category' AND `TABLE_SCHEMA` = DATABASE()
[Wed, 16 Mar 16 22:59:38 +0100][INFO] DESCRIBE `question_category`
[Wed, 16 Mar 16 22:59:38 +0100][INFO] SELECT `question_category`.`cid`, `question_category`.`name`, `question_category`.`user_id` FROM `question_category` WHERE `question_category`.`cid` = '74'
[Wed, 16 Mar 16 22:59:38 +0100][INFO] DELETE FROM `question_category` WHERE `cid` = ?
[Wed, 16 Mar 16 22:59:38 +0100][INFO] SELECT `question_category`.`cid`, `question_category`.`name`, `question_category`.`user_id` FROM `question_category`
[Wed, 16 Mar 16 22:59:41 +0100][INFO] SELECT IF(COUNT(*) > 0, 1, 0) FROM `INFORMATION_SCHEMA`.`TABLES` WHERE `TABLE_NAME` = 'question_category' AND `TABLE_SCHEMA` = DATABASE()
[Wed, 16 Mar 16 22:59:41 +0100][INFO] DESCRIBE `question_category`
[Wed, 16 Mar 16 22:59:41 +0100][INFO] SELECT `question_category`.`cid`, `question_category`.`name`, `question_category`.`user_id` FROM `question_category` WHERE `question_category`.`cid` = '74'
[Wed, 16 Mar 16 23:00:45 +0100][INFO] SELECT IF(COUNT(*) > 0, 1, 0) FROM `INFORMATION_SCHEMA`.`TABLES` WHERE `TABLE_NAME` = 'question_category' AND `TABLE_SCHEMA` = DATABASE()
[Wed, 16 Mar 16 23:00:45 +0100][INFO] DESCRIBE `question_category`
[Wed, 16 Mar 16 23:00:45 +0100][INFO] SELECT `question_category`.`cid`, `question_category`.`name`, `question_category`.`user_id` FROM `question_category`
[Wed, 16 Mar 16 23:00:47 +0100][INFO] SELECT IF(COUNT(*) > 0, 1, 0) FROM `INFORMATION_SCHEMA`.`TABLES` WHERE `TABLE_NAME` = 'question_category' AND `TABLE_SCHEMA` = DATABASE()
[Wed, 16 Mar 16 23:00:47 +0100][INFO] DESCRIBE `question_category`
[Wed, 16 Mar 16 23:00:47 +0100][INFO] SELECT `question_category`.`cid`, `question_category`.`name`, `question_category`.`user_id` FROM `question_category` WHERE `question_category`.`cid` = '7974' LIMIT :APL0
[Wed, 16 Mar 16 23:00:47 +0100][INFO] DELETE FROM `question_category` WHERE `cid` = ?
[Wed, 16 Mar 16 23:00:47 +0100][INFO] SELECT `question_category`.`cid`, `question_category`.`name`, `question_category`.`user_id` FROM `question_category`
[Wed, 16 Mar 16 23:00:51 +0100][INFO] SELECT IF(COUNT(*) > 0, 1, 0) FROM `INFORMATION_SCHEMA`.`TABLES` WHERE `TABLE_NAME` = 'question_category' AND `TABLE_SCHEMA` = DATABASE()
[Wed, 16 Mar 16 23:00:51 +0100][INFO] DESCRIBE `question_category`
[Wed, 16 Mar 16 23:00:51 +0100][INFO] SELECT `question_category`.`cid`, `question_category`.`name`, `question_category`.`user_id` FROM `question_category` WHERE `question_category`.`cid` = '7974' LIMIT :APL0
[Wed, 16 Mar 16 23:01:34 +0100][INFO] SELECT IF(COUNT(*) > 0, 1, 0) FROM `INFORMATION_SCHEMA`.`TABLES` WHERE `TABLE_NAME` = 'question_category' AND `TABLE_SCHEMA` = DATABASE()
[Wed, 16 Mar 16 23:01:34 +0100][INFO] DESCRIBE `question_category`
[Wed, 16 Mar 16 23:01:34 +0100][INFO] SELECT `question_category`.`cid`, `question_category`.`name`, `question_category`.`user_id` FROM `question_category`
[Wed, 16 Mar 16 23:01:36 +0100][INFO] SELECT IF(COUNT(*) > 0, 1, 0) FROM `INFORMATION_SCHEMA`.`TABLES` WHERE `TABLE_NAME` = 'question_category' AND `TABLE_SCHEMA` = DATABASE()
[Wed, 16 Mar 16 23:01:36 +0100][INFO] DESCRIBE `question_category`
[Wed, 16 Mar 16 23:01:36 +0100][INFO] SELECT `question_category`.`cid`, `question_category`.`name`, `question_category`.`user_id` FROM `question_category` WHERE `question_category`.`cid` = '7975'
[Wed, 16 Mar 16 23:01:36 +0100][INFO] DELETE FROM `question_category` WHERE `cid` = ?
[Wed, 16 Mar 16 23:01:36 +0100][INFO] SELECT `question_category`.`cid`, `question_category`.`name`, `question_category`.`user_id` FROM `question_category`
[Wed, 16 Mar 16 23:01:39 +0100][INFO] SELECT IF(COUNT(*) > 0, 1, 0) FROM `INFORMATION_SCHEMA`.`TABLES` WHERE `TABLE_NAME` = 'question_category' AND `TABLE_SCHEMA` = DATABASE()
[Wed, 16 Mar 16 23:01:39 +0100][INFO] DESCRIBE `question_category`
[Wed, 16 Mar 16 23:01:39 +0100][INFO] SELECT `question_category`.`cid`, `question_category`.`name`, `question_category`.`user_id` FROM `question_category` WHERE `question_category`.`cid` = '7975'
[Wed, 16 Mar 16 23:03:00 +0100][INFO] SELECT IF(COUNT(*) > 0, 1, 0) FROM `INFORMATION_SCHEMA`.`TABLES` WHERE `TABLE_NAME` = 'question_category' AND `TABLE_SCHEMA` = DATABASE()
[Wed, 16 Mar 16 23:03:00 +0100][INFO] DESCRIBE `question_category`
[Wed, 16 Mar 16 23:03:00 +0100][INFO] SELECT `question_category`.`cid`, `question_category`.`name`, `question_category`.`user_id` FROM `question_category` WHERE `question_category`.`cid` = '7975'
[Wed, 16 Mar 16 23:03:12 +0100][INFO] SELECT IF(COUNT(*) > 0, 1, 0) FROM `INFORMATION_SCHEMA`.`TABLES` WHERE `TABLE_NAME` = 'question_category' AND `TABLE_SCHEMA` = DATABASE()
[Wed, 16 Mar 16 23:03:12 +0100][INFO] DESCRIBE `question_category`
[Wed, 16 Mar 16 23:03:12 +0100][INFO] SELECT `question_category`.`cid`, `question_category`.`name`, `question_category`.`user_id` FROM `question_category`
[Wed, 16 Mar 16 23:03:13 +0100][INFO] SELECT IF(COUNT(*) > 0, 1, 0) FROM `INFORMATION_SCHEMA`.`TABLES` WHERE `TABLE_NAME` = 'question_category' AND `TABLE_SCHEMA` = DATABASE()
[Wed, 16 Mar 16 23:03:13 +0100][INFO] DESCRIBE `question_category`
[Wed, 16 Mar 16 23:03:13 +0100][INFO] SELECT `question_category`.`cid`, `question_category`.`name`, `question_category`.`user_id` FROM `question_category`
[Wed, 16 Mar 16 23:03:24 +0100][INFO] SELECT IF(COUNT(*) > 0, 1, 0) FROM `INFORMATION_SCHEMA`.`TABLES` WHERE `TABLE_NAME` = 'question_category' AND `TABLE_SCHEMA` = DATABASE()
[Wed, 16 Mar 16 23:03:24 +0100][INFO] DESCRIBE `question_category`
[Wed, 16 Mar 16 23:03:24 +0100][INFO] SELECT `question_category`.`cid`, `question_category`.`name`, `question_category`.`user_id` FROM `question_category` WHERE `question_category`.`cid` = '60'
[Wed, 16 Mar 16 23:03:24 +0100][INFO] DELETE FROM `question_category` WHERE `cid` = ?
[Wed, 16 Mar 16 23:03:24 +0100][INFO] SELECT `question_category`.`cid`, `question_category`.`name`, `question_category`.`user_id` FROM `question_category`
[Wed, 16 Mar 16 23:04:28 +0100][INFO] SELECT IF(COUNT(*) > 0, 1, 0) FROM `INFORMATION_SCHEMA`.`TABLES` WHERE `TABLE_NAME` = 'question_category' AND `TABLE_SCHEMA` = DATABASE()
[Wed, 16 Mar 16 23:04:28 +0100][INFO] DESCRIBE `question_category`
[Wed, 16 Mar 16 23:04:28 +0100][INFO] SELECT `question_category`.`cid`, `question_category`.`name`, `question_category`.`user_id` FROM `question_category`
[Wed, 16 Mar 16 23:04:30 +0100][INFO] SELECT IF(COUNT(*) > 0, 1, 0) FROM `INFORMATION_SCHEMA`.`TABLES` WHERE `TABLE_NAME` = 'question_category' AND `TABLE_SCHEMA` = DATABASE()
[Wed, 16 Mar 16 23:04:30 +0100][INFO] DESCRIBE `question_category`
[Wed, 16 Mar 16 23:04:30 +0100][INFO] SELECT `question_category`.`cid`, `question_category`.`name`, `question_category`.`user_id` FROM `question_category` WHERE `question_category`.`cid` = '7976'
[Wed, 16 Mar 16 23:04:30 +0100][INFO] DELETE FROM `question_category` WHERE `cid` = ?
[Wed, 16 Mar 16 23:04:30 +0100][INFO] SELECT `question_category`.`cid`, `question_category`.`name`, `question_category`.`user_id` FROM `question_category`
[Wed, 16 Mar 16 23:04:34 +0100][INFO] SELECT IF(COUNT(*) > 0, 1, 0) FROM `INFORMATION_SCHEMA`.`TABLES` WHERE `TABLE_NAME` = 'question_category' AND `TABLE_SCHEMA` = DATABASE()
[Wed, 16 Mar 16 23:04:34 +0100][INFO] DESCRIBE `question_category`
[Wed, 16 Mar 16 23:04:34 +0100][INFO] SELECT `question_category`.`cid`, `question_category`.`name`, `question_category`.`user_id` FROM `question_category` WHERE `question_category`.`cid` = '7976'
[Wed, 16 Mar 16 23:06:51 +0100][INFO] SELECT IF(COUNT(*) > 0, 1, 0) FROM `INFORMATION_SCHEMA`.`TABLES` WHERE `TABLE_NAME` = 'question_category' AND `TABLE_SCHEMA` = DATABASE()
[Wed, 16 Mar 16 23:06:51 +0100][INFO] DESCRIBE `question_category`
[Wed, 16 Mar 16 23:06:51 +0100][INFO] SELECT `question_category`.`cid`, `question_category`.`name`, `question_category`.`user_id` FROM `question_category` WHERE `question_category`.`name` = 'زبان'
[Wed, 16 Mar 16 23:06:51 +0100][INFO] SELECT COUNT(*) "rowcount" FROM `question_category` WHERE `cid` = ?
[Wed, 16 Mar 16 23:06:51 +0100][INFO] SELECT IF(COUNT(*) > 0, 1, 0) FROM `INFORMATION_SCHEMA`.`TABLES` WHERE `TABLE_NAME` = 'user' AND `TABLE_SCHEMA` = DATABASE()
[Wed, 16 Mar 16 23:06:51 +0100][INFO] DESCRIBE `user`
[Wed, 16 Mar 16 23:06:51 +0100][INFO] SELECT COUNT(*) AS `rowcount` FROM `user` WHERE `user`.`user_id` = :0
[Wed, 16 Mar 16 23:06:51 +0100][INFO] INSERT INTO `question_category` (`name`, `user_id`, `cid`) VALUES (?, ?, ?)
[Wed, 16 Mar 16 23:06:55 +0100][INFO] SELECT IF(COUNT(*) > 0, 1, 0) FROM `INFORMATION_SCHEMA`.`TABLES` WHERE `TABLE_NAME` = 'question_category' AND `TABLE_SCHEMA` = DATABASE()
[Wed, 16 Mar 16 23:06:55 +0100][INFO] DESCRIBE `question_category`
[Wed, 16 Mar 16 23:06:55 +0100][INFO] SELECT `question_category`.`cid`, `question_category`.`name`, `question_category`.`user_id` FROM `question_category`
[Wed, 16 Mar 16 23:06:56 +0100][INFO] SELECT IF(COUNT(*) > 0, 1, 0) FROM `INFORMATION_SCHEMA`.`TABLES` WHERE `TABLE_NAME` = 'question_category' AND `TABLE_SCHEMA` = DATABASE()
[Wed, 16 Mar 16 23:06:56 +0100][INFO] DESCRIBE `question_category`
[Wed, 16 Mar 16 23:06:56 +0100][INFO] SELECT `question_category`.`cid`, `question_category`.`name`, `question_category`.`user_id` FROM `question_category`
[Wed, 16 Mar 16 23:06:57 +0100][INFO] SELECT IF(COUNT(*) > 0, 1, 0) FROM `INFORMATION_SCHEMA`.`TABLES` WHERE `TABLE_NAME` = 'question_category' AND `TABLE_SCHEMA` = DATABASE()
[Wed, 16 Mar 16 23:06:57 +0100][INFO] DESCRIBE `question_category`
[Wed, 16 Mar 16 23:06:57 +0100][INFO] SELECT `question_category`.`cid`, `question_category`.`name`, `question_category`.`user_id` FROM `question_category` WHERE `question_category`.`cid` = '1'
[Wed, 16 Mar 16 23:06:57 +0100][INFO] DELETE FROM `question_category` WHERE `cid` = ?
[Wed, 16 Mar 16 23:06:58 +0100][INFO] SELECT `question_category`.`cid`, `question_category`.`name`, `question_category`.`user_id` FROM `question_category`
[Wed, 16 Mar 16 23:08:06 +0100][INFO] SELECT IF(COUNT(*) > 0, 1, 0) FROM `INFORMATION_SCHEMA`.`TABLES` WHERE `TABLE_NAME` = 'question_category' AND `TABLE_SCHEMA` = DATABASE()
[Wed, 16 Mar 16 23:08:06 +0100][INFO] DESCRIBE `question_category`
[Wed, 16 Mar 16 23:08:06 +0100][INFO] SELECT `question_category`.`cid`, `question_category`.`name`, `question_category`.`user_id` FROM `question_category`
[Wed, 16 Mar 16 23:08:17 +0100][INFO] SELECT IF(COUNT(*) > 0, 1, 0) FROM `INFORMATION_SCHEMA`.`TABLES` WHERE `TABLE_NAME` = 'question_category' AND `TABLE_SCHEMA` = DATABASE()
[Wed, 16 Mar 16 23:08:17 +0100][INFO] DESCRIBE `question_category`
[Wed, 16 Mar 16 23:08:17 +0100][INFO] SELECT `question_category`.`cid`, `question_category`.`name`, `question_category`.`user_id` FROM `question_category` WHERE `question_category`.`name` = 'گلابی'
[Wed, 16 Mar 16 23:08:17 +0100][INFO] SELECT COUNT(*) "rowcount" FROM `question_category` WHERE `cid` = ?
[Wed, 16 Mar 16 23:08:17 +0100][INFO] SELECT IF(COUNT(*) > 0, 1, 0) FROM `INFORMATION_SCHEMA`.`TABLES` WHERE `TABLE_NAME` = 'user' AND `TABLE_SCHEMA` = DATABASE()
[Wed, 16 Mar 16 23:08:17 +0100][INFO] DESCRIBE `user`
[Wed, 16 Mar 16 23:08:17 +0100][INFO] SELECT COUNT(*) AS `rowcount` FROM `user` WHERE `user`.`user_id` = :0
[Wed, 16 Mar 16 23:08:17 +0100][INFO] INSERT INTO `question_category` (`name`, `user_id`, `cid`) VALUES (?, ?, ?)
[Wed, 16 Mar 16 23:08:21 +0100][INFO] SELECT IF(COUNT(*) > 0, 1, 0) FROM `INFORMATION_SCHEMA`.`TABLES` WHERE `TABLE_NAME` = 'user' AND `TABLE_SCHEMA` = DATABASE()
[Wed, 16 Mar 16 23:08:21 +0100][INFO] DESCRIBE `user`
[Wed, 16 Mar 16 23:08:21 +0100][INFO] SELECT `user`.`user_id`, `user`.`email`, `user`.`name`, `user`.`family`, `user`.`gender`, `user`.`password`, `user`.`is_active`, `user`.`verification_code`, `user`.`cid` FROM `user` WHERE `user`.`email` = 'joojoo@gov.ir' AND `user`.`password` = '123456'
[Wed, 16 Mar 16 23:08:28 +0100][INFO] SELECT IF(COUNT(*) > 0, 1, 0) FROM `INFORMATION_SCHEMA`.`TABLES` WHERE `TABLE_NAME` = 'question_category' AND `TABLE_SCHEMA` = DATABASE()
[Wed, 16 Mar 16 23:08:28 +0100][INFO] DESCRIBE `question_category`
[Wed, 16 Mar 16 23:08:28 +0100][INFO] SELECT `question_category`.`cid`, `question_category`.`name`, `question_category`.`user_id` FROM `question_category` WHERE `question_category`.`name` = 'زبان'
[Wed, 16 Mar 16 23:08:28 +0100][INFO] SELECT COUNT(*) "rowcount" FROM `question_category` WHERE `cid` = ?
[Wed, 16 Mar 16 23:08:28 +0100][INFO] SELECT IF(COUNT(*) > 0, 1, 0) FROM `INFORMATION_SCHEMA`.`TABLES` WHERE `TABLE_NAME` = 'user' AND `TABLE_SCHEMA` = DATABASE()
[Wed, 16 Mar 16 23:08:28 +0100][INFO] DESCRIBE `user`
[Wed, 16 Mar 16 23:08:28 +0100][INFO] SELECT COUNT(*) AS `rowcount` FROM `user` WHERE `user`.`user_id` = :0
[Wed, 16 Mar 16 23:08:28 +0100][INFO] INSERT INTO `question_category` (`name`, `user_id`, `cid`) VALUES (?, ?, ?)
[Wed, 16 Mar 16 23:08:33 +0100][INFO] SELECT IF(COUNT(*) > 0, 1, 0) FROM `INFORMATION_SCHEMA`.`TABLES` WHERE `TABLE_NAME` = 'question_category' AND `TABLE_SCHEMA` = DATABASE()
[Wed, 16 Mar 16 23:08:33 +0100][INFO] DESCRIBE `question_category`
[Wed, 16 Mar 16 23:08:33 +0100][INFO] SELECT `question_category`.`cid`, `question_category`.`name`, `question_category`.`user_id` FROM `question_category` WHERE `question_category`.`name` = 'ایران'
[Wed, 16 Mar 16 23:08:33 +0100][INFO] SELECT COUNT(*) "rowcount" FROM `question_category` WHERE `cid` = ?
[Wed, 16 Mar 16 23:08:33 +0100][INFO] SELECT IF(COUNT(*) > 0, 1, 0) FROM `INFORMATION_SCHEMA`.`TABLES` WHERE `TABLE_NAME` = 'user' AND `TABLE_SCHEMA` = DATABASE()
[Wed, 16 Mar 16 23:08:33 +0100][INFO] DESCRIBE `user`
[Wed, 16 Mar 16 23:08:33 +0100][INFO] SELECT COUNT(*) AS `rowcount` FROM `user` WHERE `user`.`user_id` = :0
[Wed, 16 Mar 16 23:08:33 +0100][INFO] INSERT INTO `question_category` (`name`, `user_id`, `cid`) VALUES (?, ?, ?)
[Wed, 16 Mar 16 23:08:37 +0100][INFO] SELECT IF(COUNT(*) > 0, 1, 0) FROM `INFORMATION_SCHEMA`.`TABLES` WHERE `TABLE_NAME` = 'question_category' AND `TABLE_SCHEMA` = DATABASE()
[Wed, 16 Mar 16 23:08:37 +0100][INFO] DESCRIBE `question_category`
[Wed, 16 Mar 16 23:08:37 +0100][INFO] SELECT `question_category`.`cid`, `question_category`.`name`, `question_category`.`user_id` FROM `question_category` WHERE `question_category`.`name` = 'تاریخ'
[Wed, 16 Mar 16 23:08:37 +0100][INFO] SELECT COUNT(*) "rowcount" FROM `question_category` WHERE `cid` = ?
[Wed, 16 Mar 16 23:08:37 +0100][INFO] SELECT IF(COUNT(*) > 0, 1, 0) FROM `INFORMATION_SCHEMA`.`TABLES` WHERE `TABLE_NAME` = 'user' AND `TABLE_SCHEMA` = DATABASE()
[Wed, 16 Mar 16 23:08:37 +0100][INFO] DESCRIBE `user`
[Wed, 16 Mar 16 23:08:37 +0100][INFO] SELECT COUNT(*) AS `rowcount` FROM `user` WHERE `user`.`user_id` = :0
[Wed, 16 Mar 16 23:08:37 +0100][INFO] INSERT INTO `question_category` (`name`, `user_id`, `cid`) VALUES (?, ?, ?)
[Wed, 16 Mar 16 23:08:39 +0100][INFO] SELECT IF(COUNT(*) > 0, 1, 0) FROM `INFORMATION_SCHEMA`.`TABLES` WHERE `TABLE_NAME` = 'question_category' AND `TABLE_SCHEMA` = DATABASE()
[Wed, 16 Mar 16 23:08:39 +0100][INFO] DESCRIBE `question_category`
[Wed, 16 Mar 16 23:08:39 +0100][INFO] SELECT `question_category`.`cid`, `question_category`.`name`, `question_category`.`user_id` FROM `question_category`
[Wed, 16 Mar 16 23:08:42 +0100][INFO] SELECT IF(COUNT(*) > 0, 1, 0) FROM `INFORMATION_SCHEMA`.`TABLES` WHERE `TABLE_NAME` = 'question_category' AND `TABLE_SCHEMA` = DATABASE()
[Wed, 16 Mar 16 23:08:42 +0100][INFO] DESCRIBE `question_category`
[Wed, 16 Mar 16 23:08:42 +0100][INFO] SELECT `question_category`.`cid`, `question_category`.`name`, `question_category`.`user_id` FROM `question_category` WHERE `question_category`.`cid` = '7977'
[Wed, 16 Mar 16 23:08:42 +0100][INFO] DELETE FROM `question_category` WHERE `cid` = ?
[Wed, 16 Mar 16 23:08:42 +0100][INFO] SELECT `question_category`.`cid`, `question_category`.`name`, `question_category`.`user_id` FROM `question_category`
[Wed, 16 Mar 16 23:09:20 +0100][INFO] SELECT IF(COUNT(*) > 0, 1, 0) FROM `INFORMATION_SCHEMA`.`TABLES` WHERE `TABLE_NAME` = 'question_category' AND `TABLE_SCHEMA` = DATABASE()
[Wed, 16 Mar 16 23:09:20 +0100][INFO] DESCRIBE `question_category`
[Wed, 16 Mar 16 23:09:20 +0100][INFO] SELECT `question_category`.`cid`, `question_category`.`name`, `question_category`.`user_id` FROM `question_category`
[Wed, 16 Mar 16 23:09:24 +0100][INFO] SELECT IF(COUNT(*) > 0, 1, 0) FROM `INFORMATION_SCHEMA`.`TABLES` WHERE `TABLE_NAME` = 'question_category' AND `TABLE_SCHEMA` = DATABASE()
[Wed, 16 Mar 16 23:09:24 +0100][INFO] DESCRIBE `question_category`
[Wed, 16 Mar 16 23:09:24 +0100][INFO] SELECT `question_category`.`cid`, `question_category`.`name`, `question_category`.`user_id` FROM `question_category`
[Wed, 16 Mar 16 23:09:31 +0100][INFO] SELECT IF(COUNT(*) > 0, 1, 0) FROM `INFORMATION_SCHEMA`.`TABLES` WHERE `TABLE_NAME` = 'question_category' AND `TABLE_SCHEMA` = DATABASE()
[Wed, 16 Mar 16 23:09:31 +0100][INFO] DESCRIBE `question_category`
[Wed, 16 Mar 16 23:09:31 +0100][INFO] SELECT `question_category`.`cid`, `question_category`.`name`, `question_category`.`user_id` FROM `question_category`
[Wed, 16 Mar 16 23:09:59 +0100][INFO] SELECT IF(COUNT(*) > 0, 1, 0) FROM `INFORMATION_SCHEMA`.`TABLES` WHERE `TABLE_NAME` = 'question_category' AND `TABLE_SCHEMA` = DATABASE()
[Wed, 16 Mar 16 23:09:59 +0100][INFO] DESCRIBE `question_category`
[Wed, 16 Mar 16 23:09:59 +0100][INFO] SELECT `question_category`.`cid`, `question_category`.`name`, `question_category`.`user_id` FROM `question_category`
[Wed, 16 Mar 16 23:10:28 +0100][INFO] SELECT IF(COUNT(*) > 0, 1, 0) FROM `INFORMATION_SCHEMA`.`TABLES` WHERE `TABLE_NAME` = 'question_category' AND `TABLE_SCHEMA` = DATABASE()
[Wed, 16 Mar 16 23:10:28 +0100][INFO] DESCRIBE `question_category`
[Wed, 16 Mar 16 23:10:28 +0100][INFO] SELECT `question_category`.`cid`, `question_category`.`name`, `question_category`.`user_id` FROM `question_category`
[Wed, 16 Mar 16 23:10:35 +0100][INFO] SELECT IF(COUNT(*) > 0, 1, 0) FROM `INFORMATION_SCHEMA`.`TABLES` WHERE `TABLE_NAME` = 'question_category' AND `TABLE_SCHEMA` = DATABASE()
[Wed, 16 Mar 16 23:10:35 +0100][INFO] DESCRIBE `question_category`
[Wed, 16 Mar 16 23:10:35 +0100][INFO] SELECT `question_category`.`cid`, `question_category`.`name`, `question_category`.`user_id` FROM `question_category`
[Wed, 16 Mar 16 23:10:50 +0100][INFO] SELECT IF(COUNT(*) > 0, 1, 0) FROM `INFORMATION_SCHEMA`.`TABLES` WHERE `TABLE_NAME` = 'question_category' AND `TABLE_SCHEMA` = DATABASE()
[Wed, 16 Mar 16 23:10:50 +0100][INFO] DESCRIBE `question_category`
[Wed, 16 Mar 16 23:10:50 +0100][INFO] SELECT `question_category`.`cid`, `question_category`.`name`, `question_category`.`user_id` FROM `question_category` WHERE `question_category`.`cid` = '22600000'
[Wed, 16 Mar 16 23:10:50 +0100][INFO] DELETE FROM `question_category` WHERE `cid` = ?
[Wed, 16 Mar 16 23:10:50 +0100][INFO] SELECT `question_category`.`cid`, `question_category`.`name`, `question_category`.`user_id` FROM `question_category`
[Wed, 16 Mar 16 23:14:07 +0100][INFO] SELECT IF(COUNT(*) > 0, 1, 0) FROM `INFORMATION_SCHEMA`.`TABLES` WHERE `TABLE_NAME` = 'question_category' AND `TABLE_SCHEMA` = DATABASE()
[Wed, 16 Mar 16 23:14:07 +0100][INFO] DESCRIBE `question_category`
[Wed, 16 Mar 16 23:14:07 +0100][INFO] SELECT `question_category`.`cid`, `question_category`.`name`, `question_category`.`user_id` FROM `question_category`
[Wed, 16 Mar 16 23:17:14 +0100][INFO] SELECT IF(COUNT(*) > 0, 1, 0) FROM `INFORMATION_SCHEMA`.`TABLES` WHERE `TABLE_NAME` = 'question_category' AND `TABLE_SCHEMA` = DATABASE()
[Wed, 16 Mar 16 23:17:14 +0100][INFO] DESCRIBE `question_category`
[Wed, 16 Mar 16 23:17:14 +0100][INFO] SELECT `question_category`.`cid`, `question_category`.`name`, `question_category`.`user_id` FROM `question_category`
[Wed, 16 Mar 16 23:18:45 +0100][INFO] SELECT IF(COUNT(*) > 0, 1, 0) FROM `INFORMATION_SCHEMA`.`TABLES` WHERE `TABLE_NAME` = 'question_category' AND `TABLE_SCHEMA` = DATABASE()
[Wed, 16 Mar 16 23:18:45 +0100][INFO] DESCRIBE `question_category`
[Wed, 16 Mar 16 23:18:45 +0100][INFO] SELECT `question_category`.`cid`, `question_category`.`name`, `question_category`.`user_id` FROM `question_category`
[Wed, 16 Mar 16 23:18:50 +0100][INFO] SELECT IF(COUNT(*) > 0, 1, 0) FROM `INFORMATION_SCHEMA`.`TABLES` WHERE `TABLE_NAME` = 'question_category' AND `TABLE_SCHEMA` = DATABASE()
[Wed, 16 Mar 16 23:18:50 +0100][INFO] DESCRIBE `question_category`
[Wed, 16 Mar 16 23:18:50 +0100][INFO] SELECT `question_category`.`cid`, `question_category`.`name`, `question_category`.`user_id` FROM `question_category`
[Wed, 16 Mar 16 23:20:14 +0100][INFO] SELECT IF(COUNT(*) > 0, 1, 0) FROM `INFORMATION_SCHEMA`.`TABLES` WHERE `TABLE_NAME` = 'question_category' AND `TABLE_SCHEMA` = DATABASE()
[Wed, 16 Mar 16 23:20:14 +0100][INFO] DESCRIBE `question_category`
[Wed, 16 Mar 16 23:20:14 +0100][INFO] SELECT `question_category`.`cid`, `question_category`.`name`, `question_category`.`user_id` FROM `question_category`
[Wed, 16 Mar 16 23:20:16 +0100][INFO] SELECT IF(COUNT(*) > 0, 1, 0) FROM `INFORMATION_SCHEMA`.`TABLES` WHERE `TABLE_NAME` = 'question_category' AND `TABLE_SCHEMA` = DATABASE()
[Wed, 16 Mar 16 23:20:16 +0100][INFO] DESCRIBE `question_category`
[Wed, 16 Mar 16 23:20:16 +0100][INFO] SELECT `question_category`.`cid`, `question_category`.`name`, `question_category`.`user_id` FROM `question_category`
[Wed, 16 Mar 16 23:32:14 +0100][INFO] SELECT IF(COUNT(*) > 0, 1, 0) FROM `INFORMATION_SCHEMA`.`TABLES` WHERE `TABLE_NAME` = 'question_category' AND `TABLE_SCHEMA` = DATABASE()
[Wed, 16 Mar 16 23:32:14 +0100][INFO] DESCRIBE `question_category`
[Wed, 16 Mar 16 23:32:14 +0100][INFO] SELECT `question_category`.`cid`, `question_category`.`name`, `question_category`.`user_id` FROM `question_category` WHERE `question_category`.`cid` = '7978'
[Wed, 16 Mar 16 23:32:25 +0100][INFO] SELECT IF(COUNT(*) > 0, 1, 0) FROM `INFORMATION_SCHEMA`.`TABLES` WHERE `TABLE_NAME` = 'question_category' AND `TABLE_SCHEMA` = DATABASE()
[Wed, 16 Mar 16 23:32:25 +0100][INFO] DESCRIBE `question_category`
[Wed, 16 Mar 16 23:32:25 +0100][INFO] SELECT `question_category`.`cid`, `question_category`.`name`, `question_category`.`user_id` FROM `question_category` WHERE `question_category`.`cid` = '7978'
[Wed, 16 Mar 16 23:32:37 +0100][INFO] SELECT IF(COUNT(*) > 0, 1, 0) FROM `INFORMATION_SCHEMA`.`TABLES` WHERE `TABLE_NAME` = 'question_category' AND `TABLE_SCHEMA` = DATABASE()
[Wed, 16 Mar 16 23:32:37 +0100][INFO] DESCRIBE `question_category`
[Wed, 16 Mar 16 23:32:37 +0100][INFO] SELECT `question_category`.`cid`, `question_category`.`name`, `question_category`.`user_id` FROM `question_category` WHERE `question_category`.`cid` = '7978'
[Wed, 16 Mar 16 23:33:05 +0100][INFO] SELECT IF(COUNT(*) > 0, 1, 0) FROM `INFORMATION_SCHEMA`.`TABLES` WHERE `TABLE_NAME` = 'question_category' AND `TABLE_SCHEMA` = DATABASE()
[Wed, 16 Mar 16 23:33:05 +0100][INFO] DESCRIBE `question_category`
[Wed, 16 Mar 16 23:33:05 +0100][INFO] SELECT `question_category`.`cid`, `question_category`.`name`, `question_category`.`user_id` FROM `question_category` WHERE `question_category`.`cid` = '7978'
[Wed, 16 Mar 16 23:33:11 +0100][INFO] SELECT IF(COUNT(*) > 0, 1, 0) FROM `INFORMATION_SCHEMA`.`TABLES` WHERE `TABLE_NAME` = 'question_category' AND `TABLE_SCHEMA` = DATABASE()
[Wed, 16 Mar 16 23:33:11 +0100][INFO] DESCRIBE `question_category`
[Wed, 16 Mar 16 23:33:11 +0100][INFO] SELECT `question_category`.`cid`, `question_category`.`name`, `question_category`.`user_id` FROM `question_category` WHERE `question_category`.`cid` = '7979'
[Wed, 16 Mar 16 23:33:16 +0100][INFO] SELECT IF(COUNT(*) > 0, 1, 0) FROM `INFORMATION_SCHEMA`.`TABLES` WHERE `TABLE_NAME` = 'question_category' AND `TABLE_SCHEMA` = DATABASE()
[Wed, 16 Mar 16 23:33:16 +0100][INFO] DESCRIBE `question_category`
[Wed, 16 Mar 16 23:33:16 +0100][INFO] SELECT `question_category`.`cid`, `question_category`.`name`, `question_category`.`user_id` FROM `question_category` WHERE `question_category`.`cid` = '7'
[Wed, 16 Mar 16 23:33:17 +0100][INFO] SELECT IF(COUNT(*) > 0, 1, 0) FROM `INFORMATION_SCHEMA`.`TABLES` WHERE `TABLE_NAME` = 'question_category' AND `TABLE_SCHEMA` = DATABASE()
[Wed, 16 Mar 16 23:33:17 +0100][INFO] DESCRIBE `question_category`
[Wed, 16 Mar 16 23:33:17 +0100][INFO] SELECT `question_category`.`cid`, `question_category`.`name`, `question_category`.`user_id` FROM `question_category` WHERE `question_category`.`cid` = '7979'
[Wed, 16 Mar 16 23:33:19 +0100][INFO] SELECT IF(COUNT(*) > 0, 1, 0) FROM `INFORMATION_SCHEMA`.`TABLES` WHERE `TABLE_NAME` = 'question_category' AND `TABLE_SCHEMA` = DATABASE()
[Wed, 16 Mar 16 23:33:19 +0100][INFO] DESCRIBE `question_category`
[Wed, 16 Mar 16 23:33:19 +0100][INFO] SELECT `question_category`.`cid`, `question_category`.`name`, `question_category`.`user_id` FROM `question_category` WHERE `question_category`.`cid` = '7979'
[Wed, 16 Mar 16 23:34:32 +0100][INFO] SELECT IF(COUNT(*) > 0, 1, 0) FROM `INFORMATION_SCHEMA`.`TABLES` WHERE `TABLE_NAME` = 'question_category' AND `TABLE_SCHEMA` = DATABASE()
[Wed, 16 Mar 16 23:34:32 +0100][INFO] DESCRIBE `question_category`
[Wed, 16 Mar 16 23:34:32 +0100][INFO] SELECT `question_category`.`cid`, `question_category`.`name`, `question_category`.`user_id` FROM `question_category` WHERE `question_category`.`cid` = '7979'
[Wed, 16 Mar 16 23:39:47 +0100][INFO] SELECT IF(COUNT(*) > 0, 1, 0) FROM `INFORMATION_SCHEMA`.`TABLES` WHERE `TABLE_NAME` = 'question_category' AND `TABLE_SCHEMA` = DATABASE()
[Wed, 16 Mar 16 23:39:47 +0100][INFO] DESCRIBE `question_category`
[Wed, 16 Mar 16 23:39:47 +0100][INFO] SELECT `question_category`.`cid`, `question_category`.`name`, `question_category`.`user_id` FROM `question_category`
[Wed, 16 Mar 16 23:39:49 +0100][INFO] SELECT IF(COUNT(*) > 0, 1, 0) FROM `INFORMATION_SCHEMA`.`TABLES` WHERE `TABLE_NAME` = 'question_category' AND `TABLE_SCHEMA` = DATABASE()
[Wed, 16 Mar 16 23:39:49 +0100][INFO] DESCRIBE `question_category`
[Wed, 16 Mar 16 23:39:49 +0100][INFO] SELECT `question_category`.`cid`, `question_category`.`name`, `question_category`.`user_id` FROM `question_category`
[Wed, 16 Mar 16 23:39:51 +0100][INFO] SELECT IF(COUNT(*) > 0, 1, 0) FROM `INFORMATION_SCHEMA`.`TABLES` WHERE `TABLE_NAME` = 'question_category' AND `TABLE_SCHEMA` = DATABASE()
[Wed, 16 Mar 16 23:39:51 +0100][INFO] DESCRIBE `question_category`
[Wed, 16 Mar 16 23:39:51 +0100][INFO] SELECT `question_category`.`cid`, `question_category`.`name`, `question_category`.`user_id` FROM `question_category` WHERE `question_category`.`cid` = '7978'
[Wed, 16 Mar 16 23:40:41 +0100][INFO] SELECT IF(COUNT(*) > 0, 1, 0) FROM `INFORMATION_SCHEMA`.`TABLES` WHERE `TABLE_NAME` = 'question_category' AND `TABLE_SCHEMA` = DATABASE()
[Wed, 16 Mar 16 23:40:41 +0100][INFO] DESCRIBE `question_category`
[Wed, 16 Mar 16 23:40:41 +0100][INFO] SELECT `question_category`.`cid`, `question_category`.`name`, `question_category`.`user_id` FROM `question_category` WHERE `question_category`.`cid` = '7978'
[Wed, 16 Mar 16 23:40:45 +0100][INFO] SELECT IF(COUNT(*) > 0, 1, 0) FROM `INFORMATION_SCHEMA`.`TABLES` WHERE `TABLE_NAME` = 'question_category' AND `TABLE_SCHEMA` = DATABASE()
[Wed, 16 Mar 16 23:40:45 +0100][INFO] DESCRIBE `question_category`
[Wed, 16 Mar 16 23:40:45 +0100][INFO] SELECT `question_category`.`cid`, `question_category`.`name`, `question_category`.`user_id` FROM `question_category` WHERE `question_category`.`cid` = '7978'
[Wed, 16 Mar 16 23:40:45 +0100][INFO] SELECT IF(COUNT(*) > 0, 1, 0) FROM `INFORMATION_SCHEMA`.`TABLES` WHERE `TABLE_NAME` = 'question_category' AND `TABLE_SCHEMA` = DATABASE()
[Wed, 16 Mar 16 23:40:45 +0100][INFO] DESCRIBE `question_category`
[Wed, 16 Mar 16 23:40:45 +0100][INFO] SELECT `question_category`.`cid`, `question_category`.`name`, `question_category`.`user_id` FROM `question_category`
[Wed, 16 Mar 16 23:40:47 +0100][INFO] SELECT IF(COUNT(*) > 0, 1, 0) FROM `INFORMATION_SCHEMA`.`TABLES` WHERE `TABLE_NAME` = 'question_category' AND `TABLE_SCHEMA` = DATABASE()
[Wed, 16 Mar 16 23:40:47 +0100][INFO] DESCRIBE `question_category`
[Wed, 16 Mar 16 23:40:47 +0100][INFO] SELECT `question_category`.`cid`, `question_category`.`name`, `question_category`.`user_id` FROM `question_category`
[Wed, 16 Mar 16 23:40:50 +0100][INFO] SELECT IF(COUNT(*) > 0, 1, 0) FROM `INFORMATION_SCHEMA`.`TABLES` WHERE `TABLE_NAME` = 'question_category' AND `TABLE_SCHEMA` = DATABASE()
[Wed, 16 Mar 16 23:40:50 +0100][INFO] DESCRIBE `question_category`
[Wed, 16 Mar 16 23:40:50 +0100][INFO] SELECT `question_category`.`cid`, `question_category`.`name`, `question_category`.`user_id` FROM `question_category` WHERE `question_category`.`cid` = '7978'
[Wed, 16 Mar 16 23:41:18 +0100][INFO] SELECT IF(COUNT(*) > 0, 1, 0) FROM `INFORMATION_SCHEMA`.`TABLES` WHERE `TABLE_NAME` = 'question_category' AND `TABLE_SCHEMA` = DATABASE()
[Wed, 16 Mar 16 23:41:18 +0100][INFO] DESCRIBE `question_category`
[Wed, 16 Mar 16 23:41:18 +0100][INFO] SELECT `question_category`.`cid`, `question_category`.`name`, `question_category`.`user_id` FROM `question_category` WHERE `question_category`.`cid` = '7978'
[Wed, 16 Mar 16 23:41:19 +0100][INFO] SELECT IF(COUNT(*) > 0, 1, 0) FROM `INFORMATION_SCHEMA`.`TABLES` WHERE `TABLE_NAME` = 'question_category' AND `TABLE_SCHEMA` = DATABASE()
[Wed, 16 Mar 16 23:41:19 +0100][INFO] DESCRIBE `question_category`
[Wed, 16 Mar 16 23:41:19 +0100][INFO] SELECT `question_category`.`cid`, `question_category`.`name`, `question_category`.`user_id` FROM `question_category` WHERE `question_category`.`cid` = '7978'
[Wed, 16 Mar 16 23:41:25 +0100][INFO] SELECT IF(COUNT(*) > 0, 1, 0) FROM `INFORMATION_SCHEMA`.`TABLES` WHERE `TABLE_NAME` = 'question_category' AND `TABLE_SCHEMA` = DATABASE()
[Wed, 16 Mar 16 23:41:25 +0100][INFO] DESCRIBE `question_category`
[Wed, 16 Mar 16 23:41:25 +0100][INFO] SELECT `question_category`.`cid`, `question_category`.`name`, `question_category`.`user_id` FROM `question_category` WHERE `question_category`.`cid` = '7978'
[Wed, 16 Mar 16 23:41:25 +0100][INFO] SELECT IF(COUNT(*) > 0, 1, 0) FROM `INFORMATION_SCHEMA`.`TABLES` WHERE `TABLE_NAME` = 'question_category' AND `TABLE_SCHEMA` = DATABASE()
[Wed, 16 Mar 16 23:41:25 +0100][INFO] DESCRIBE `question_category`
[Wed, 16 Mar 16 23:41:25 +0100][INFO] SELECT `question_category`.`cid`, `question_category`.`name`, `question_category`.`user_id` FROM `question_category`
[Wed, 16 Mar 16 23:41:27 +0100][INFO] SELECT IF(COUNT(*) > 0, 1, 0) FROM `INFORMATION_SCHEMA`.`TABLES` WHERE `TABLE_NAME` = 'question_category' AND `TABLE_SCHEMA` = DATABASE()
[Wed, 16 Mar 16 23:41:27 +0100][INFO] DESCRIBE `question_category`
[Wed, 16 Mar 16 23:41:27 +0100][INFO] SELECT `question_category`.`cid`, `question_category`.`name`, `question_category`.`user_id` FROM `question_category`
[Wed, 16 Mar 16 23:45:09 +0100][INFO] SELECT IF(COUNT(*) > 0, 1, 0) FROM `INFORMATION_SCHEMA`.`TABLES` WHERE `TABLE_NAME` = 'question_category' AND `TABLE_SCHEMA` = DATABASE()
[Wed, 16 Mar 16 23:45:09 +0100][INFO] DESCRIBE `question_category`
[Wed, 16 Mar 16 23:45:09 +0100][INFO] SELECT `question_category`.`cid`, `question_category`.`name`, `question_category`.`user_id` FROM `question_category`
[Wed, 16 Mar 16 23:45:11 +0100][INFO] SELECT IF(COUNT(*) > 0, 1, 0) FROM `INFORMATION_SCHEMA`.`TABLES` WHERE `TABLE_NAME` = 'question_category' AND `TABLE_SCHEMA` = DATABASE()
[Wed, 16 Mar 16 23:45:11 +0100][INFO] DESCRIBE `question_category`
[Wed, 16 Mar 16 23:45:11 +0100][INFO] SELECT `question_category`.`cid`, `question_category`.`name`, `question_category`.`user_id` FROM `question_category` WHERE `question_category`.`cid` = '7978'
[Wed, 16 Mar 16 23:45:49 +0100][INFO] SELECT IF(COUNT(*) > 0, 1, 0) FROM `INFORMATION_SCHEMA`.`TABLES` WHERE `TABLE_NAME` = 'question_category' AND `TABLE_SCHEMA` = DATABASE()
[Wed, 16 Mar 16 23:45:49 +0100][INFO] DESCRIBE `question_category`
[Wed, 16 Mar 16 23:45:49 +0100][INFO] SELECT `question_category`.`cid`, `question_category`.`name`, `question_category`.`user_id` FROM `question_category` WHERE `question_category`.`cid` = '7978'
[Wed, 16 Mar 16 23:48:26 +0100][INFO] SELECT IF(COUNT(*) > 0, 1, 0) FROM `INFORMATION_SCHEMA`.`TABLES` WHERE `TABLE_NAME` = 'question_category' AND `TABLE_SCHEMA` = DATABASE()
[Wed, 16 Mar 16 23:48:26 +0100][INFO] DESCRIBE `question_category`
[Wed, 16 Mar 16 23:48:26 +0100][INFO] SELECT `question_category`.`cid`, `question_category`.`name`, `question_category`.`user_id` FROM `question_category` WHERE `question_category`.`cid` = '7978'
[Wed, 16 Mar 16 23:48:32 +0100][INFO] SELECT IF(COUNT(*) > 0, 1, 0) FROM `INFORMATION_SCHEMA`.`TABLES` WHERE `TABLE_NAME` = 'question_category' AND `TABLE_SCHEMA` = DATABASE()
[Wed, 16 Mar 16 23:48:32 +0100][INFO] DESCRIBE `question_category`
[Wed, 16 Mar 16 23:48:32 +0100][INFO] SELECT `question_category`.`cid`, `question_category`.`name`, `question_category`.`user_id` FROM `question_category` WHERE `question_category`.`cid` = '7978'
[Wed, 16 Mar 16 23:48:46 +0100][INFO] SELECT IF(COUNT(*) > 0, 1, 0) FROM `INFORMATION_SCHEMA`.`TABLES` WHERE `TABLE_NAME` = 'question_category' AND `TABLE_SCHEMA` = DATABASE()
[Wed, 16 Mar 16 23:48:46 +0100][INFO] DESCRIBE `question_category`
[Wed, 16 Mar 16 23:48:46 +0100][INFO] SELECT `question_category`.`cid`, `question_category`.`name`, `question_category`.`user_id` FROM `question_category`
[Wed, 16 Mar 16 23:48:48 +0100][INFO] SELECT IF(COUNT(*) > 0, 1, 0) FROM `INFORMATION_SCHEMA`.`TABLES` WHERE `TABLE_NAME` = 'question_category' AND `TABLE_SCHEMA` = DATABASE()
[Wed, 16 Mar 16 23:48:48 +0100][INFO] DESCRIBE `question_category`
[Wed, 16 Mar 16 23:48:48 +0100][INFO] SELECT `question_category`.`cid`, `question_category`.`name`, `question_category`.`user_id` FROM `question_category`
[Wed, 16 Mar 16 23:49:13 +0100][INFO] SELECT IF(COUNT(*) > 0, 1, 0) FROM `INFORMATION_SCHEMA`.`TABLES` WHERE `TABLE_NAME` = 'question_category' AND `TABLE_SCHEMA` = DATABASE()
[Wed, 16 Mar 16 23:49:13 +0100][INFO] DESCRIBE `question_category`
[Wed, 16 Mar 16 23:49:13 +0100][INFO] SELECT `question_category`.`cid`, `question_category`.`name`, `question_category`.`user_id` FROM `question_category` WHERE `question_category`.`cid` = '7978'
[Fri, 18 Mar 16 13:24:29 +0100][INFO] SELECT IF(COUNT(*) > 0, 1, 0) FROM `INFORMATION_SCHEMA`.`TABLES` WHERE `TABLE_NAME` = 'country' AND `TABLE_SCHEMA` = DATABASE()
[Fri, 18 Mar 16 13:24:29 +0100][INFO] DESCRIBE `country`
[Fri, 18 Mar 16 13:24:29 +0100][INFO] SELECT `country`.`cid`, `country`.`name` FROM `country`
[Fri, 18 Mar 16 13:24:38 +0100][INFO] SELECT IF(COUNT(*) > 0, 1, 0) FROM `INFORMATION_SCHEMA`.`TABLES` WHERE `TABLE_NAME` = 'question_category' AND `TABLE_SCHEMA` = DATABASE()
[Fri, 18 Mar 16 13:24:38 +0100][INFO] DESCRIBE `question_category`
[Fri, 18 Mar 16 13:24:38 +0100][INFO] SELECT `question_category`.`cid`, `question_category`.`name`, `question_category`.`user_id` FROM `question_category`
[Fri, 18 Mar 16 13:24:41 +0100][INFO] SELECT IF(COUNT(*) > 0, 1, 0) FROM `INFORMATION_SCHEMA`.`TABLES` WHERE `TABLE_NAME` = 'question_category' AND `TABLE_SCHEMA` = DATABASE()
[Fri, 18 Mar 16 13:24:41 +0100][INFO] DESCRIBE `question_category`
[Fri, 18 Mar 16 13:24:41 +0100][INFO] SELECT `question_category`.`cid`, `question_category`.`name`, `question_category`.`user_id` FROM `question_category`
[Fri, 18 Mar 16 13:24:47 +0100][INFO] SELECT IF(COUNT(*) > 0, 1, 0) FROM `INFORMATION_SCHEMA`.`TABLES` WHERE `TABLE_NAME` = 'question_category' AND `TABLE_SCHEMA` = DATABASE()
[Fri, 18 Mar 16 13:24:47 +0100][INFO] DESCRIBE `question_category`
[Fri, 18 Mar 16 13:24:47 +0100][INFO] SELECT `question_category`.`cid`, `question_category`.`name`, `question_category`.`user_id` FROM `question_category` WHERE `question_category`.`cid` = '7978'
[Fri, 18 Mar 16 13:24:47 +0100][INFO] DELETE FROM `question_category` WHERE `cid` = ?
[Fri, 18 Mar 16 13:24:47 +0100][INFO] SELECT `question_category`.`cid`, `question_category`.`name`, `question_category`.`user_id` FROM `question_category`
[Fri, 18 Mar 16 13:25:30 +0100][INFO] SELECT IF(COUNT(*) > 0, 1, 0) FROM `INFORMATION_SCHEMA`.`TABLES` WHERE `TABLE_NAME` = 'question_category' AND `TABLE_SCHEMA` = DATABASE()
[Fri, 18 Mar 16 13:25:30 +0100][INFO] DESCRIBE `question_category`
[Fri, 18 Mar 16 13:25:30 +0100][INFO] SELECT `question_category`.`cid`, `question_category`.`name`, `question_category`.`user_id` FROM `question_category` WHERE `question_category`.`cid` = '7978'
[Fri, 18 Mar 16 13:25:30 +0100][INFO] SELECT IF(COUNT(*) > 0, 1, 0) FROM `INFORMATION_SCHEMA`.`TABLES` WHERE `TABLE_NAME` = 'country' AND `TABLE_SCHEMA` = DATABASE()
[Fri, 18 Mar 16 13:25:30 +0100][INFO] DESCRIBE `country`
[Fri, 18 Mar 16 13:25:31 +0100][INFO] SELECT `country`.`cid`, `country`.`name` FROM `country`
[Fri, 18 Mar 16 13:25:31 +0100][INFO] SELECT IF(COUNT(*) > 0, 1, 0) FROM `INFORMATION_SCHEMA`.`TABLES` WHERE `TABLE_NAME` = 'question_category' AND `TABLE_SCHEMA` = DATABASE()
[Fri, 18 Mar 16 13:25:31 +0100][INFO] DESCRIBE `question_category`
[Fri, 18 Mar 16 13:25:31 +0100][INFO] SELECT `question_category`.`cid`, `question_category`.`name`, `question_category`.`user_id` FROM `question_category` WHERE `question_category`.`cid` = '7978'
[Fri, 18 Mar 16 13:25:31 +0100][INFO] SELECT IF(COUNT(*) > 0, 1, 0) FROM `INFORMATION_SCHEMA`.`TABLES` WHERE `TABLE_NAME` = 'country' AND `TABLE_SCHEMA` = DATABASE()
[Fri, 18 Mar 16 13:25:31 +0100][INFO] DESCRIBE `country`
[Fri, 18 Mar 16 13:25:31 +0100][INFO] SELECT `country`.`cid`, `country`.`name` FROM `country`
[Fri, 18 Mar 16 13:25:39 +0100][INFO] SELECT IF(COUNT(*) > 0, 1, 0) FROM `INFORMATION_SCHEMA`.`TABLES` WHERE `TABLE_NAME` = 'question_category' AND `TABLE_SCHEMA` = DATABASE()
[Fri, 18 Mar 16 13:25:39 +0100][INFO] DESCRIBE `question_category`
[Fri, 18 Mar 16 13:25:40 +0100][INFO] SELECT `question_category`.`cid`, `question_category`.`name`, `question_category`.`user_id` FROM `question_category`
[Fri, 18 Mar 16 13:25:42 +0100][INFO] SELECT IF(COUNT(*) > 0, 1, 0) FROM `INFORMATION_SCHEMA`.`TABLES` WHERE `TABLE_NAME` = 'question_category' AND `TABLE_SCHEMA` = DATABASE()
[Fri, 18 Mar 16 13:25:42 +0100][INFO] DESCRIBE `question_category`
[Fri, 18 Mar 16 13:25:42 +0100][INFO] SELECT `question_category`.`cid`, `question_category`.`name`, `question_category`.`user_id` FROM `question_category` WHERE `question_category`.`cid` = '7979'
[Fri, 18 Mar 16 13:25:46 +0100][INFO] SELECT IF(COUNT(*) > 0, 1, 0) FROM `INFORMATION_SCHEMA`.`TABLES` WHERE `TABLE_NAME` = 'country' AND `TABLE_SCHEMA` = DATABASE()
[Fri, 18 Mar 16 13:25:46 +0100][INFO] DESCRIBE `country`
[Fri, 18 Mar 16 13:25:46 +0100][INFO] SELECT `country`.`cid`, `country`.`name` FROM `country`
[Fri, 18 Mar 16 13:26:25 +0100][INFO] SELECT IF(COUNT(*) > 0, 1, 0) FROM `INFORMATION_SCHEMA`.`TABLES` WHERE `TABLE_NAME` = 'country' AND `TABLE_SCHEMA` = DATABASE()
[Fri, 18 Mar 16 13:26:25 +0100][INFO] DESCRIBE `country`
[Fri, 18 Mar 16 13:26:25 +0100][INFO] SELECT `country`.`cid`, `country`.`name` FROM `country`
[Fri, 18 Mar 16 13:26:43 +0100][INFO] SELECT IF(COUNT(*) > 0, 1, 0) FROM `INFORMATION_SCHEMA`.`TABLES` WHERE `TABLE_NAME` = 'country' AND `TABLE_SCHEMA` = DATABASE()
[Fri, 18 Mar 16 13:26:43 +0100][INFO] DESCRIBE `country`
[Fri, 18 Mar 16 13:26:43 +0100][INFO] SELECT `country`.`cid`, `country`.`name` FROM `country`
[Fri, 18 Mar 16 13:26:46 +0100][INFO] SELECT IF(COUNT(*) > 0, 1, 0) FROM `INFORMATION_SCHEMA`.`TABLES` WHERE `TABLE_NAME` = 'question_category' AND `TABLE_SCHEMA` = DATABASE()
[Fri, 18 Mar 16 13:26:46 +0100][INFO] DESCRIBE `question_category`
[Fri, 18 Mar 16 13:26:46 +0100][INFO] SELECT `question_category`.`cid`, `question_category`.`name`, `question_category`.`user_id` FROM `question_category`
[Fri, 18 Mar 16 13:26:52 +0100][INFO] SELECT IF(COUNT(*) > 0, 1, 0) FROM `INFORMATION_SCHEMA`.`TABLES` WHERE `TABLE_NAME` = 'question_category' AND `TABLE_SCHEMA` = DATABASE()
[Fri, 18 Mar 16 13:26:52 +0100][INFO] DESCRIBE `question_category`
[Fri, 18 Mar 16 13:26:52 +0100][INFO] SELECT `question_category`.`cid`, `question_category`.`name`, `question_category`.`user_id` FROM `question_category` WHERE `question_category`.`cid` = '7979'
[Fri, 18 Mar 16 13:27:08 +0100][INFO] SELECT IF(COUNT(*) > 0, 1, 0) FROM `INFORMATION_SCHEMA`.`TABLES` WHERE `TABLE_NAME` = 'country' AND `TABLE_SCHEMA` = DATABASE()
[Fri, 18 Mar 16 13:27:08 +0100][INFO] DESCRIBE `country`
[Fri, 18 Mar 16 13:27:08 +0100][INFO] SELECT `country`.`cid`, `country`.`name` FROM `country`
[Fri, 18 Mar 16 13:27:10 +0100][INFO] SELECT IF(COUNT(*) > 0, 1, 0) FROM `INFORMATION_SCHEMA`.`TABLES` WHERE `TABLE_NAME` = 'question_category' AND `TABLE_SCHEMA` = DATABASE()
[Fri, 18 Mar 16 13:27:10 +0100][INFO] DESCRIBE `question_category`
[Fri, 18 Mar 16 13:27:10 +0100][INFO] SELECT `question_category`.`cid`, `question_category`.`name`, `question_category`.`user_id` FROM `question_category` WHERE `question_category`.`cid` = '7979'
[Sat, 19 Mar 16 18:20:09 +0100][INFO] SELECT IF(COUNT(*) > 0, 1, 0) FROM `INFORMATION_SCHEMA`.`TABLES` WHERE `TABLE_NAME` = 'country' AND `TABLE_SCHEMA` = DATABASE()
[Sat, 19 Mar 16 18:20:09 +0100][INFO] DESCRIBE `country`
[Sat, 19 Mar 16 18:20:09 +0100][INFO] SELECT `country`.`cid`, `country`.`name` FROM `country`
[Sat, 19 Mar 16 18:20:20 +0100][INFO] SELECT IF(COUNT(*) > 0, 1, 0) FROM `INFORMATION_SCHEMA`.`TABLES` WHERE `TABLE_NAME` = 'user' AND `TABLE_SCHEMA` = DATABASE()
[Sat, 19 Mar 16 18:20:20 +0100][INFO] DESCRIBE `user`
[Sat, 19 Mar 16 18:20:20 +0100][INFO] SELECT `user`.`user_id`, `user`.`email`, `user`.`name`, `user`.`family`, `user`.`gender`, `user`.`password`, `user`.`is_active`, `user`.`verification_code`, `user`.`cid` FROM `user` WHERE `user`.`email` = 'joojoo@gov.ir' AND `user`.`password` = '123456'
[Sat, 19 Mar 16 18:20:26 +0100][INFO] SELECT IF(COUNT(*) > 0, 1, 0) FROM `INFORMATION_SCHEMA`.`TABLES` WHERE `TABLE_NAME` = 'question_category' AND `TABLE_SCHEMA` = DATABASE()
[Sat, 19 Mar 16 18:20:26 +0100][INFO] DESCRIBE `question_category`
[Sat, 19 Mar 16 18:20:26 +0100][INFO] SELECT `question_category`.`cid`, `question_category`.`name`, `question_category`.`user_id` FROM `question_category`
[Sat, 19 Mar 16 18:20:28 +0100][INFO] SELECT IF(COUNT(*) > 0, 1, 0) FROM `INFORMATION_SCHEMA`.`TABLES` WHERE `TABLE_NAME` = 'question_category' AND `TABLE_SCHEMA` = DATABASE()
[Sat, 19 Mar 16 18:20:28 +0100][INFO] DESCRIBE `question_category`
[Sat, 19 Mar 16 18:20:28 +0100][INFO] SELECT `question_category`.`cid`, `question_category`.`name`, `question_category`.`user_id` FROM `question_category` WHERE `question_category`.`cid` = '7979'
[Sat, 19 Mar 16 18:21:15 +0100][INFO] SELECT IF(COUNT(*) > 0, 1, 0) FROM `INFORMATION_SCHEMA`.`TABLES` WHERE `TABLE_NAME` = 'question_category' AND `TABLE_SCHEMA` = DATABASE()
[Sat, 19 Mar 16 18:21:15 +0100][INFO] DESCRIBE `question_category`
[Sat, 19 Mar 16 18:21:15 +0100][INFO] SELECT `question_category`.`cid`, `question_category`.`name`, `question_category`.`user_id` FROM `question_category` WHERE `question_category`.`cid` = '7979'
[Sat, 19 Mar 16 18:21:18 +0100][INFO] SELECT IF(COUNT(*) > 0, 1, 0) FROM `INFORMATION_SCHEMA`.`TABLES` WHERE `TABLE_NAME` = 'question_category' AND `TABLE_SCHEMA` = DATABASE()
[Sat, 19 Mar 16 18:21:18 +0100][INFO] DESCRIBE `question_category`
[Sat, 19 Mar 16 18:21:18 +0100][INFO] SELECT `question_category`.`cid`, `question_category`.`name`, `question_category`.`user_id` FROM `question_category`
[Sat, 19 Mar 16 18:21:18 +0100][INFO] SELECT IF(COUNT(*) > 0, 1, 0) FROM `INFORMATION_SCHEMA`.`TABLES` WHERE `TABLE_NAME` = 'question_category' AND `TABLE_SCHEMA` = DATABASE()
[Sat, 19 Mar 16 18:21:18 +0100][INFO] DESCRIBE `question_category`
[Sat, 19 Mar 16 18:21:18 +0100][INFO] SELECT `question_category`.`cid`, `question_category`.`name`, `question_category`.`user_id` FROM `question_category`
[Sat, 19 Mar 16 18:21:20 +0100][INFO] SELECT IF(COUNT(*) > 0, 1, 0) FROM `INFORMATION_SCHEMA`.`TABLES` WHERE `TABLE_NAME` = 'question_category' AND `TABLE_SCHEMA` = DATABASE()
[Sat, 19 Mar 16 18:21:20 +0100][INFO] DESCRIBE `question_category`
[Sat, 19 Mar 16 18:21:20 +0100][INFO] SELECT `question_category`.`cid`, `question_category`.`name`, `question_category`.`user_id` FROM `question_category` WHERE `question_category`.`cid` = '7979'
[Sat, 19 Mar 16 18:21:23 +0100][INFO] SELECT IF(COUNT(*) > 0, 1, 0) FROM `INFORMATION_SCHEMA`.`TABLES` WHERE `TABLE_NAME` = 'question_category' AND `TABLE_SCHEMA` = DATABASE()
[Sat, 19 Mar 16 18:21:23 +0100][INFO] DESCRIBE `question_category`
[Sat, 19 Mar 16 18:21:23 +0100][INFO] SELECT `question_category`.`cid`, `question_category`.`name`, `question_category`.`user_id` FROM `question_category` WHERE `question_category`.`cid` = ''
[Sat, 19 Mar 16 18:22:37 +0100][INFO] SELECT IF(COUNT(*) > 0, 1, 0) FROM `INFORMATION_SCHEMA`.`TABLES` WHERE `TABLE_NAME` = 'question_category' AND `TABLE_SCHEMA` = DATABASE()
[Sat, 19 Mar 16 18:22:37 +0100][INFO] DESCRIBE `question_category`
[Sat, 19 Mar 16 18:22:37 +0100][INFO] SELECT `question_category`.`cid`, `question_category`.`name`, `question_category`.`user_id` FROM `question_category` WHERE `question_category`.`cid` = '7979'
[Sat, 19 Mar 16 18:22:40 +0100][INFO] SELECT IF(COUNT(*) > 0, 1, 0) FROM `INFORMATION_SCHEMA`.`TABLES` WHERE `TABLE_NAME` = 'question_category' AND `TABLE_SCHEMA` = DATABASE()
[Sat, 19 Mar 16 18:22:40 +0100][INFO] DESCRIBE `question_category`
[Sat, 19 Mar 16 18:22:40 +0100][INFO] SELECT `question_category`.`cid`, `question_category`.`name`, `question_category`.`user_id` FROM `question_category`
[Sat, 19 Mar 16 18:22:41 +0100][INFO] SELECT IF(COUNT(*) > 0, 1, 0) FROM `INFORMATION_SCHEMA`.`TABLES` WHERE `TABLE_NAME` = 'question_category' AND `TABLE_SCHEMA` = DATABASE()
[Sat, 19 Mar 16 18:22:41 +0100][INFO] DESCRIBE `question_category`
[Sat, 19 Mar 16 18:22:41 +0100][INFO] SELECT `question_category`.`cid`, `question_category`.`name`, `question_category`.`user_id` FROM `question_category`
[Sat, 19 Mar 16 18:22:42 +0100][INFO] SELECT IF(COUNT(*) > 0, 1, 0) FROM `INFORMATION_SCHEMA`.`TABLES` WHERE `TABLE_NAME` = 'question_category' AND `TABLE_SCHEMA` = DATABASE()
[Sat, 19 Mar 16 18:22:42 +0100][INFO] DESCRIBE `question_category`
[Sat, 19 Mar 16 18:22:42 +0100][INFO] SELECT `question_category`.`cid`, `question_category`.`name`, `question_category`.`user_id` FROM `question_category` WHERE `question_category`.`cid` = '7979'
[Sat, 19 Mar 16 18:22:46 +0100][INFO] SELECT IF(COUNT(*) > 0, 1, 0) FROM `INFORMATION_SCHEMA`.`TABLES` WHERE `TABLE_NAME` = 'question_category' AND `TABLE_SCHEMA` = DATABASE()
[Sat, 19 Mar 16 18:22:46 +0100][INFO] DESCRIBE `question_category`
[Sat, 19 Mar 16 18:22:46 +0100][INFO] SELECT `question_category`.`cid`, `question_category`.`name`, `question_category`.`user_id` FROM `question_category` WHERE `question_category`.`cid` = '7979'
[Sat, 19 Mar 16 18:22:46 +0100][INFO] SELECT IF(COUNT(*) > 0, 1, 0) FROM `INFORMATION_SCHEMA`.`TABLES` WHERE `TABLE_NAME` = 'user' AND `TABLE_SCHEMA` = DATABASE()
[Sat, 19 Mar 16 18:22:46 +0100][INFO] DESCRIBE `user`
[Sat, 19 Mar 16 18:22:46 +0100][INFO] SELECT COUNT(*) AS `rowcount` FROM `user` WHERE `user`.`user_id` = :0
[Sat, 19 Mar 16 18:22:46 +0100][INFO] UPDATE `question_category` SET `name` = ?, `user_id` = ? WHERE `cid` = ?
[Sat, 19 Mar 16 18:22:46 +0100][INFO] SELECT `question_category`.`cid`, `question_category`.`name`, `question_category`.`user_id` FROM `question_category`
[Sat, 19 Mar 16 18:22:54 +0100][INFO] SELECT IF(COUNT(*) > 0, 1, 0) FROM `INFORMATION_SCHEMA`.`TABLES` WHERE `TABLE_NAME` = 'question_category' AND `TABLE_SCHEMA` = DATABASE()
[Sat, 19 Mar 16 18:22:54 +0100][INFO] DESCRIBE `question_category`
[Sat, 19 Mar 16 18:22:54 +0100][INFO] SELECT `question_category`.`cid`, `question_category`.`name`, `question_category`.`user_id` FROM `question_category` WHERE `question_category`.`cid` = '7979'
[Sat, 19 Mar 16 18:23:03 +0100][INFO] SELECT IF(COUNT(*) > 0, 1, 0) FROM `INFORMATION_SCHEMA`.`TABLES` WHERE `TABLE_NAME` = 'question_category' AND `TABLE_SCHEMA` = DATABASE()
[Sat, 19 Mar 16 18:23:03 +0100][INFO] DESCRIBE `question_category`
[Sat, 19 Mar 16 18:23:03 +0100][INFO] SELECT `question_category`.`cid`, `question_category`.`name`, `question_category`.`user_id` FROM `question_category` WHERE `question_category`.`cid` = '7979'
[Sat, 19 Mar 16 18:23:03 +0100][INFO] SELECT IF(COUNT(*) > 0, 1, 0) FROM `INFORMATION_SCHEMA`.`TABLES` WHERE `TABLE_NAME` = 'user' AND `TABLE_SCHEMA` = DATABASE()
[Sat, 19 Mar 16 18:23:03 +0100][INFO] DESCRIBE `user`
[Sat, 19 Mar 16 18:23:03 +0100][INFO] SELECT COUNT(*) AS `rowcount` FROM `user` WHERE `user`.`user_id` = :0
[Sat, 19 Mar 16 18:23:03 +0100][INFO] UPDATE `question_category` SET `name` = ?, `user_id` = ? WHERE `cid` = ?
[Sat, 19 Mar 16 18:23:03 +0100][INFO] SELECT `question_category`.`cid`, `question_category`.`name`, `question_category`.`user_id` FROM `question_category`
[Sat, 19 Mar 16 18:25:45 +0100][INFO] SELECT IF(COUNT(*) > 0, 1, 0) FROM `INFORMATION_SCHEMA`.`TABLES` WHERE `TABLE_NAME` = 'question_category' AND `TABLE_SCHEMA` = DATABASE()
[Sat, 19 Mar 16 18:25:45 +0100][INFO] DESCRIBE `question_category`
[Sat, 19 Mar 16 18:25:45 +0100][INFO] SELECT `question_category`.`cid`, `question_category`.`name`, `question_category`.`user_id` FROM `question_category`
[Sat, 19 Mar 16 18:26:16 +0100][INFO] SELECT IF(COUNT(*) > 0, 1, 0) FROM `INFORMATION_SCHEMA`.`TABLES` WHERE `TABLE_NAME` = 'question_category' AND `TABLE_SCHEMA` = DATABASE()
[Sat, 19 Mar 16 18:26:16 +0100][INFO] DESCRIBE `question_category`
[Sat, 19 Mar 16 18:26:16 +0100][INFO] SELECT `question_category`.`cid`, `question_category`.`name`, `question_category`.`user_id` FROM `question_category`
[Sat, 19 Mar 16 18:26:23 +0100][INFO] SELECT IF(COUNT(*) > 0, 1, 0) FROM `INFORMATION_SCHEMA`.`TABLES` WHERE `TABLE_NAME` = 'question_category' AND `TABLE_SCHEMA` = DATABASE()
[Sat, 19 Mar 16 18:26:23 +0100][INFO] DESCRIBE `question_category`
[Sat, 19 Mar 16 18:26:23 +0100][INFO] SELECT `question_category`.`cid`, `question_category`.`name`, `question_category`.`user_id` FROM `question_category` WHERE `question_category`.`name` = 'خوب'
[Sat, 19 Mar 16 18:26:23 +0100][INFO] SELECT COUNT(*) "rowcount" FROM `question_category` WHERE `cid` = ?
[Sat, 19 Mar 16 18:26:23 +0100][INFO] SELECT IF(COUNT(*) > 0, 1, 0) FROM `INFORMATION_SCHEMA`.`TABLES` WHERE `TABLE_NAME` = 'user' AND `TABLE_SCHEMA` = DATABASE()
[Sat, 19 Mar 16 18:26:23 +0100][INFO] DESCRIBE `user`
[Sat, 19 Mar 16 18:26:23 +0100][INFO] SELECT COUNT(*) AS `rowcount` FROM `user` WHERE `user`.`user_id` = :0
[Sat, 19 Mar 16 18:26:23 +0100][INFO] INSERT INTO `question_category` (`name`, `user_id`, `cid`) VALUES (?, ?, ?)
[Sat, 19 Mar 16 18:27:09 +0100][INFO] SELECT IF(COUNT(*) > 0, 1, 0) FROM `INFORMATION_SCHEMA`.`TABLES` WHERE `TABLE_NAME` = 'question_category' AND `TABLE_SCHEMA` = DATABASE()
[Sat, 19 Mar 16 18:27:09 +0100][INFO] DESCRIBE `question_category`
[Sat, 19 Mar 16 18:27:09 +0100][INFO] SELECT `question_category`.`cid`, `question_category`.`name`, `question_category`.`user_id` FROM `question_category` WHERE `question_category`.`name` = 'خوب'
[Sat, 19 Mar 16 18:31:35 +0100][INFO] SELECT IF(COUNT(*) > 0, 1, 0) FROM `INFORMATION_SCHEMA`.`TABLES` WHERE `TABLE_NAME` = 'question_category' AND `TABLE_SCHEMA` = DATABASE()
[Sat, 19 Mar 16 18:31:35 +0100][INFO] DESCRIBE `question_category`
[Sat, 19 Mar 16 18:31:35 +0100][INFO] SELECT `question_category`.`cid`, `question_category`.`name`, `question_category`.`user_id` FROM `question_category`
[Sat, 19 Mar 16 18:31:42 +0100][INFO] SELECT IF(COUNT(*) > 0, 1, 0) FROM `INFORMATION_SCHEMA`.`TABLES` WHERE `TABLE_NAME` = 'question_category' AND `TABLE_SCHEMA` = DATABASE()
[Sat, 19 Mar 16 18:31:42 +0100][INFO] DESCRIBE `question_category`
[Sat, 19 Mar 16 18:31:42 +0100][INFO] SELECT `question_category`.`cid`, `question_category`.`name`, `question_category`.`user_id` FROM `question_category` WHERE `question_category`.`cid` = '8767'
[Sat, 19 Mar 16 18:32:00 +0100][INFO] SELECT IF(COUNT(*) > 0, 1, 0) FROM `INFORMATION_SCHEMA`.`TABLES` WHERE `TABLE_NAME` = 'question_category' AND `TABLE_SCHEMA` = DATABASE()
[Sat, 19 Mar 16 18:32:00 +0100][INFO] DESCRIBE `question_category`
[Sat, 19 Mar 16 18:32:00 +0100][INFO] SELECT `question_category`.`cid`, `question_category`.`name`, `question_category`.`user_id` FROM `question_category`
[Sat, 19 Mar 16 18:32:22 +0100][INFO] SELECT IF(COUNT(*) > 0, 1, 0) FROM `INFORMATION_SCHEMA`.`TABLES` WHERE `TABLE_NAME` = 'question_category' AND `TABLE_SCHEMA` = DATABASE()
[Sat, 19 Mar 16 18:32:22 +0100][INFO] DESCRIBE `question_category`
[Sat, 19 Mar 16 18:32:22 +0100][INFO] SELECT `question_category`.`cid`, `question_category`.`name`, `question_category`.`user_id` FROM `question_category`
[Sat, 19 Mar 16 18:32:24 +0100][INFO] SELECT IF(COUNT(*) > 0, 1, 0) FROM `INFORMATION_SCHEMA`.`TABLES` WHERE `TABLE_NAME` = 'question_category' AND `TABLE_SCHEMA` = DATABASE()
[Sat, 19 Mar 16 18:32:24 +0100][INFO] DESCRIBE `question_category`
[Sat, 19 Mar 16 18:32:24 +0100][INFO] SELECT `question_category`.`cid`, `question_category`.`name`, `question_category`.`user_id` FROM `question_category` WHERE `question_category`.`cid` = '8767'
[Sat, 19 Mar 16 18:32:26 +0100][INFO] SELECT IF(COUNT(*) > 0, 1, 0) FROM `INFORMATION_SCHEMA`.`TABLES` WHERE `TABLE_NAME` = 'question_category' AND `TABLE_SCHEMA` = DATABASE()
[Sat, 19 Mar 16 18:32:26 +0100][INFO] DESCRIBE `question_category`
[Sat, 19 Mar 16 18:32:26 +0100][INFO] SELECT `question_category`.`cid`, `question_category`.`name`, `question_category`.`user_id` FROM `question_category`
[Sat, 19 Mar 16 18:32:27 +0100][INFO] SELECT IF(COUNT(*) > 0, 1, 0) FROM `INFORMATION_SCHEMA`.`TABLES` WHERE `TABLE_NAME` = 'question_category' AND `TABLE_SCHEMA` = DATABASE()
[Sat, 19 Mar 16 18:32:27 +0100][INFO] DESCRIBE `question_category`
[Sat, 19 Mar 16 18:32:27 +0100][INFO] SELECT `question_category`.`cid`, `question_category`.`name`, `question_category`.`user_id` FROM `question_category` WHERE `question_category`.`cid` = '8767'
[Sat, 19 Mar 16 18:32:28 +0100][INFO] SELECT IF(COUNT(*) > 0, 1, 0) FROM `INFORMATION_SCHEMA`.`TABLES` WHERE `TABLE_NAME` = 'question_category' AND `TABLE_SCHEMA` = DATABASE()
[Sat, 19 Mar 16 18:32:28 +0100][INFO] DESCRIBE `question_category`
[Sat, 19 Mar 16 18:32:28 +0100][INFO] SELECT `question_category`.`cid`, `question_category`.`name`, `question_category`.`user_id` FROM `question_category` WHERE `question_category`.`cid` = '8767'
[Sat, 19 Mar 16 18:32:29 +0100][INFO] SELECT IF(COUNT(*) > 0, 1, 0) FROM `INFORMATION_SCHEMA`.`TABLES` WHERE `TABLE_NAME` = 'user' AND `TABLE_SCHEMA` = DATABASE()
[Sat, 19 Mar 16 18:32:29 +0100][INFO] DESCRIBE `user`
[Sat, 19 Mar 16 18:32:29 +0100][INFO] SELECT COUNT(*) AS `rowcount` FROM `user` WHERE `user`.`user_id` = :0
[Sat, 19 Mar 16 18:32:29 +0100][INFO] SELECT `question_category`.`cid`, `question_category`.`name`, `question_category`.`user_id` FROM `question_category`
[Sat, 19 Mar 16 18:32:40 +0100][INFO] SELECT IF(COUNT(*) > 0, 1, 0) FROM `INFORMATION_SCHEMA`.`TABLES` WHERE `TABLE_NAME` = 'question_category' AND `TABLE_SCHEMA` = DATABASE()
[Sat, 19 Mar 16 18:32:40 +0100][INFO] DESCRIBE `question_category`
[Sat, 19 Mar 16 18:32:40 +0100][INFO] SELECT `question_category`.`cid`, `question_category`.`name`, `question_category`.`user_id` FROM `question_category`
[Sat, 19 Mar 16 18:32:43 +0100][INFO] SELECT IF(COUNT(*) > 0, 1, 0) FROM `INFORMATION_SCHEMA`.`TABLES` WHERE `TABLE_NAME` = 'question_category' AND `TABLE_SCHEMA` = DATABASE()
[Sat, 19 Mar 16 18:32:43 +0100][INFO] DESCRIBE `question_category`
[Sat, 19 Mar 16 18:32:43 +0100][INFO] SELECT `question_category`.`cid`, `question_category`.`name`, `question_category`.`user_id` FROM `question_category`
[Sat, 19 Mar 16 18:32:44 +0100][INFO] SELECT IF(COUNT(*) > 0, 1, 0) FROM `INFORMATION_SCHEMA`.`TABLES` WHERE `TABLE_NAME` = 'question_category' AND `TABLE_SCHEMA` = DATABASE()
[Sat, 19 Mar 16 18:32:44 +0100][INFO] DESCRIBE `question_category`
[Sat, 19 Mar 16 18:32:44 +0100][INFO] SELECT `question_category`.`cid`, `question_category`.`name`, `question_category`.`user_id` FROM `question_category`
[Sat, 19 Mar 16 18:33:10 +0100][INFO] SELECT IF(COUNT(*) > 0, 1, 0) FROM `INFORMATION_SCHEMA`.`TABLES` WHERE `TABLE_NAME` = 'question_category' AND `TABLE_SCHEMA` = DATABASE()
[Sat, 19 Mar 16 18:33:10 +0100][INFO] DESCRIBE `question_category`
[Sat, 19 Mar 16 18:33:10 +0100][INFO] SELECT `question_category`.`cid`, `question_category`.`name`, `question_category`.`user_id` FROM `question_category` WHERE `question_category`.`cid` = '7979'
[Sat, 19 Mar 16 18:33:13 +0100][INFO] SELECT IF(COUNT(*) > 0, 1, 0) FROM `INFORMATION_SCHEMA`.`TABLES` WHERE `TABLE_NAME` = 'question_category' AND `TABLE_SCHEMA` = DATABASE()
[Sat, 19 Mar 16 18:33:13 +0100][INFO] DESCRIBE `question_category`
[Sat, 19 Mar 16 18:33:13 +0100][INFO] SELECT `question_category`.`cid`, `question_category`.`name`, `question_category`.`user_id` FROM `question_category` WHERE `question_category`.`cid` = '7979'
[Sat, 19 Mar 16 18:33:13 +0100][INFO] SELECT IF(COUNT(*) > 0, 1, 0) FROM `INFORMATION_SCHEMA`.`TABLES` WHERE `TABLE_NAME` = 'user' AND `TABLE_SCHEMA` = DATABASE()
[Sat, 19 Mar 16 18:33:13 +0100][INFO] DESCRIBE `user`
[Sat, 19 Mar 16 18:33:13 +0100][INFO] SELECT COUNT(*) AS `rowcount` FROM `user` WHERE `user`.`user_id` = :0
[Sat, 19 Mar 16 18:33:13 +0100][INFO] SELECT `question_category`.`cid`, `question_category`.`name`, `question_category`.`user_id` FROM `question_category`
[Sat, 19 Mar 16 18:33:17 +0100][INFO] SELECT IF(COUNT(*) > 0, 1, 0) FROM `INFORMATION_SCHEMA`.`TABLES` WHERE `TABLE_NAME` = 'question_category' AND `TABLE_SCHEMA` = DATABASE()
[Sat, 19 Mar 16 18:33:17 +0100][INFO] DESCRIBE `question_category`
[Sat, 19 Mar 16 18:33:17 +0100][INFO] SELECT `question_category`.`cid`, `question_category`.`name`, `question_category`.`user_id` FROM `question_category` WHERE `question_category`.`cid` = '7979'
[Sat, 19 Mar 16 18:33:35 +0100][INFO] SELECT IF(COUNT(*) > 0, 1, 0) FROM `INFORMATION_SCHEMA`.`TABLES` WHERE `TABLE_NAME` = 'question_category' AND `TABLE_SCHEMA` = DATABASE()
[Sat, 19 Mar 16 18:33:35 +0100][INFO] DESCRIBE `question_category`
[Sat, 19 Mar 16 18:33:35 +0100][INFO] SELECT `question_category`.`cid`, `question_category`.`name`, `question_category`.`user_id` FROM `question_category` WHERE `question_category`.`cid` = '7979'
[Sat, 19 Mar 16 18:33:43 +0100][INFO] SELECT IF(COUNT(*) > 0, 1, 0) FROM `INFORMATION_SCHEMA`.`TABLES` WHERE `TABLE_NAME` = 'question_category' AND `TABLE_SCHEMA` = DATABASE()
[Sat, 19 Mar 16 18:33:43 +0100][INFO] DESCRIBE `question_category`
[Sat, 19 Mar 16 18:33:43 +0100][INFO] SELECT `question_category`.`cid`, `question_category`.`name`, `question_category`.`user_id` FROM `question_category` WHERE `question_category`.`cid` = '7979'
[Sat, 19 Mar 16 18:33:46 +0100][INFO] SELECT IF(COUNT(*) > 0, 1, 0) FROM `INFORMATION_SCHEMA`.`TABLES` WHERE `TABLE_NAME` = 'question_category' AND `TABLE_SCHEMA` = DATABASE()
[Sat, 19 Mar 16 18:33:46 +0100][INFO] DESCRIBE `question_category`
[Sat, 19 Mar 16 18:33:46 +0100][INFO] SELECT `question_category`.`cid`, `question_category`.`name`, `question_category`.`user_id` FROM `question_category`
[Sat, 19 Mar 16 18:34:13 +0100][INFO] SELECT IF(COUNT(*) > 0, 1, 0) FROM `INFORMATION_SCHEMA`.`TABLES` WHERE `TABLE_NAME` = 'country' AND `TABLE_SCHEMA` = DATABASE()
[Sat, 19 Mar 16 18:34:13 +0100][INFO] DESCRIBE `country`
[Sat, 19 Mar 16 18:34:13 +0100][INFO] SELECT `country`.`cid`, `country`.`name` FROM `country`
[Sat, 19 Mar 16 18:34:58 +0100][INFO] SELECT IF(COUNT(*) > 0, 1, 0) FROM `INFORMATION_SCHEMA`.`TABLES` WHERE `TABLE_NAME` = 'country' AND `TABLE_SCHEMA` = DATABASE()
[Sat, 19 Mar 16 18:34:58 +0100][INFO] DESCRIBE `country`
[Sat, 19 Mar 16 18:34:58 +0100][INFO] SELECT `country`.`cid`, `country`.`name` FROM `country`
[Sat, 19 Mar 16 18:35:12 +0100][INFO] SELECT IF(COUNT(*) > 0, 1, 0) FROM `INFORMATION_SCHEMA`.`TABLES` WHERE `TABLE_NAME` = 'country' AND `TABLE_SCHEMA` = DATABASE()
[Sat, 19 Mar 16 18:35:12 +0100][INFO] DESCRIBE `country`
[Sat, 19 Mar 16 18:35:12 +0100][INFO] SELECT `country`.`cid`, `country`.`name` FROM `country`
[Sat, 19 Mar 16 18:35:16 +0100][INFO] SELECT IF(COUNT(*) > 0, 1, 0) FROM `INFORMATION_SCHEMA`.`TABLES` WHERE `TABLE_NAME` = 'country' AND `TABLE_SCHEMA` = DATABASE()
[Sat, 19 Mar 16 18:35:16 +0100][INFO] DESCRIBE `country`
[Sat, 19 Mar 16 18:35:16 +0100][INFO] SELECT `country`.`cid`, `country`.`name` FROM `country`
